2026-03-19 16:31:16 [INFO] paper_trader: Waiting for trade time 15:30 ET (14.0h away)
2026-03-19 23:57:05 [INFO] paper_trader: Waiting for trade time 15:30 ET (6.5h away)
2026-03-20 00:57:05 [INFO] paper_trader: Waiting for trade time 15:30 ET (5.5h away)
2026-03-20 02:18:11 [INFO] paper_trader: Waiting for trade time 15:30 ET (4.2h away)
2026-03-20 03:46:49 [INFO] paper_trader: Waiting for trade time 15:30 ET (2.7h away)
2026-03-20 11:21:51 [INFO] paper_trader: Past trade window (15:30 ET). Waiting for tomorrow.
2026-03-20 11:42:37 [INFO] paper_trader: Past market close (20:42 ET). Missed today's window.
2026-03-20 15:00:13 [INFO] paper_trader: Waiting for 15:30 ET (15.5h away)
2026-03-20 15:30:21 [INFO] paper_trader: Waiting for 15:30 ET (15.0h away)
2026-03-20 16:00:27 [INFO] paper_trader: Waiting for 15:30 ET (14.5h away)
2026-03-20 16:30:31 [INFO] paper_trader: Waiting for 15:30 ET (14.0h away)
2026-03-20 17:00:35 [INFO] paper_trader: Waiting for 15:30 ET (13.5h away)
2026-03-20 17:30:39 [INFO] paper_trader: Waiting for 15:30 ET (13.0h away)
2026-03-20 18:03:43 [INFO] paper_trader: Waiting for 15:30 ET (12.4h away)
2026-03-20 18:48:36 [INFO] paper_trader: Waiting for 15:30 ET (11.7h away)
2026-03-20 19:30:42 [INFO] paper_trader: Waiting for 15:30 ET (11.0h away)
2026-03-20 20:16:32 [INFO] paper_trader: Waiting for 15:30 ET (10.2h away)
2026-03-20 20:46:39 [INFO] paper_trader: Waiting for 15:30 ET (9.7h away)
2026-03-20 21:16:43 [INFO] paper_trader: Waiting for 15:30 ET (9.2h away)
2026-03-20 21:46:47 [INFO] paper_trader: Waiting for 15:30 ET (8.7h away)
2026-03-20 22:16:50 [INFO] paper_trader: Waiting for 15:30 ET (8.2h away)
2026-03-20 22:46:54 [INFO] paper_trader: Waiting for 15:30 ET (7.7h away)
2026-03-20 23:16:58 [INFO] paper_trader: Waiting for 15:30 ET (7.2h away)
2026-03-20 23:47:01 [INFO] paper_trader: Waiting for 15:30 ET (6.7h away)
2026-03-21 00:17:05 [INFO] paper_trader: Waiting for 15:30 ET (6.2h away)
2026-03-21 00:47:09 [INFO] paper_trader: Waiting for 15:30 ET (5.7h away)
2026-03-21 01:17:13 [INFO] paper_trader: Waiting for 15:30 ET (5.2h away)
2026-03-21 01:47:17 [INFO] paper_trader: Waiting for 15:30 ET (4.7h away)
2026-03-21 02:17:25 [INFO] paper_trader: Waiting for 15:30 ET (4.2h away)
2026-03-21 02:47:33 [INFO] paper_trader: Waiting for 15:30 ET (3.7h away)
2026-03-21 03:19:06 [INFO] paper_trader: Waiting for 15:30 ET (3.2h away)
2026-03-21 03:49:16 [INFO] paper_trader: Waiting for 15:30 ET (2.7h away)
2026-03-21 04:19:25 [INFO] paper_trader: Waiting for 15:30 ET (2.2h away)
2026-03-21 05:02:24 [INFO] paper_trader: Waiting for 15:30 ET (1.5h away)
2026-03-21 05:49:34 [INFO] paper_trader: Waiting for 15:30 ET (0.7h away)
2026-03-21 06:24:30 [INFO] paper_trader: Waiting for 15:30 ET (0.1h away)
2026-03-21 06:41:50 [INFO] paper_trader: ============================================================
2026-03-21 06:41:50 [INFO] paper_trader: AUTO-TRADE: 2026-03-20 15:41:50 ET
2026-03-21 06:41:50 [INFO] paper_trader: ============================================================
2026-03-21 06:41:51 [INFO] paper_trader: Fetching market data...
2026-03-21 06:42:09 [INFO] paper_trader: Data: 150 symbols, 519 days (18.8s)
2026-03-21 06:42:09 [INFO] paper_trader: Generating signals...
2026-03-21 06:42:10 [INFO] qrt.execution.signal_generator:   Running: time_series_momentum
2026-03-21 06:42:10 [INFO] qrt.execution.signal_generator:     Sharpe: -0.223
2026-03-21 06:42:10 [INFO] qrt.execution.signal_generator:   Running: residual_reversal
2026-03-21 06:42:10 [INFO] qrt.execution.signal_generator:     Sharpe: 0.513
2026-03-21 06:42:10 [INFO] qrt.execution.signal_generator:   Leverage: 2.00x (fixed)
2026-03-21 06:42:10 [INFO] qrt.execution.signal_generator:   Target: 86 long, 56 short, gross: 157.77%
2026-03-21 06:42:10 [INFO] paper_trader: Signals: 142 positions (0.9s)
2026-03-21 06:42:11 [INFO] paper_trader: Portfolio: 86 long, 56 short, gross=157.8%, net=43.0%, equity=$98,554
2026-03-21 06:42:11 [INFO] paper_trader: Submitting rebalance orders...
2026-03-21 06:42:12 [INFO] qrt.execution.alpaca_broker: Skipping DHR short — less than 1 share ($154 / $188.51)
2026-03-21 06:42:12 [INFO] qrt.execution.alpaca_broker: Skipping EQIX short — less than 1 share ($930 / $963.13)
2026-03-21 06:42:12 [INFO] qrt.execution.alpaca_broker: Skipping BKNG short — less than 1 share ($1069 / $4290.81)
2026-03-21 06:42:12 [INFO] qrt.execution.alpaca_broker: Skipping ISRG short — less than 1 share ($125 / $473.73)
2026-03-21 07:14:15 [WARNING] qrt.execution.alpaca_broker: Buy order failed for SRE: HTTPSConnectionPool(host='paper-api.alpaca.markets', port=443): Read timed out. (read timeout=None)
2026-03-21 07:14:16 [INFO] qrt.execution.alpaca_broker: Skipping GD short — less than 1 share ($232 / $343.98)
2026-03-21 07:14:16 [INFO] qrt.execution.alpaca_broker: Skipping AMT short — less than 1 share ($139 / $176.56)
2026-03-21 07:14:16 [INFO] qrt.execution.alpaca_broker: Skipping TTWO short — less than 1 share ($105 / $199.23)
2026-03-21 07:14:16 [INFO] qrt.execution.alpaca_broker: Skipping MCD short — less than 1 share ($135 / $309.16)
2026-03-21 07:14:16 [INFO] qrt.execution.alpaca_broker: Skipping HD short — less than 1 share ($317 / $321.19)
2026-03-21 07:14:17 [INFO] qrt.execution.alpaca_broker: Skipping CB short — less than 1 share ($240 / $321.75)
2026-03-21 07:14:17 [INFO] qrt.execution.alpaca_broker: Skipping INTU short — less than 1 share ($388 / $452.85)
2026-03-21 07:14:17 [INFO] qrt.execution.alpaca_broker: Skipping ETN short — less than 1 share ($107 / $355.03)
2026-03-21 07:14:17 [INFO] qrt.execution.alpaca_broker: Skipping NVDA short — less than 1 share ($145 / $172.27)
2026-03-21 07:14:17 [INFO] qrt.execution.alpaca_broker: Skipping ABBV short — less than 1 share ($118 / $203.57)
2026-03-21 07:14:18 [INFO] qrt.execution.alpaca_broker: Skipping ADI short — less than 1 share ($178 / $306.76)
2026-03-21 07:14:19 [INFO] qrt.execution.alpaca_broker: Skipping TXN short — less than 1 share ($168 / $186.90)
2026-03-21 07:14:19 [INFO] qrt.execution.alpaca_broker: Skipping UNH short — less than 1 share ($202 / $277.84)
2026-03-21 07:14:20 [INFO] qrt.execution.alpaca_broker: Skipping BK short — less than 1 share ($102 / $114.20)
2026-03-21 07:14:20 [INFO] qrt.execution.alpaca_broker: Skipping SNPS short — less than 1 share ($129 / $420.74)
2026-03-21 07:14:21 [INFO] qrt.execution.alpaca_broker: Skipping PG short — less than 1 share ($117 / $144.76)
2026-03-21 07:14:21 [INFO] qrt.execution.alpaca_broker: Skipping IBM short — less than 1 share ($120 / $246.24)
2026-03-21 07:14:22 [INFO] qrt.execution.alpaca_broker: Skipping APD short — less than 1 share ($153 / $279.86)
2026-03-21 07:14:22 [INFO] qrt.execution.alpaca_broker: Rebalance complete: 39 orders submitted
2026-03-21 07:14:22 [INFO] paper_trader: Orders: 38 OK, 1 failed (of 39 total)
2026-03-21 07:14:22 [INFO] qrt.execution.live_dashboard: Live dashboard saved: /Users/ronald/ai_trade_algo_test/reports/live_dashboard.html
2026-03-21 07:14:22 [INFO] paper_trader: Trade complete. Next trade: tomorrow 15:30 ET
2026-03-21 07:14:22 [INFO] paper_trader: ============================================================
2026-03-21 15:15:35 [INFO] paper_trader: Weekend in ET (Saturday 00:15 ET). Polling every 60s.
2026-03-21 16:23:31 [INFO] paper_trader: Weekend in ET (Saturday 01:23 ET). Polling every 60s.
2026-03-21 17:23:35 [INFO] paper_trader: Weekend in ET (Saturday 02:23 ET). Polling every 60s.
2026-03-21 18:38:16 [INFO] paper_trader: Weekend in ET (Saturday 03:38 ET). Polling every 60s.
2026-03-21 19:38:52 [INFO] paper_trader: Weekend in ET (Saturday 04:38 ET). Polling every 60s.
2026-03-21 20:38:55 [INFO] paper_trader: Weekend in ET (Saturday 05:38 ET). Polling every 60s.
2026-03-21 22:16:13 [INFO] paper_trader: Weekend in ET (Saturday 07:16 ET). Polling every 60s.
2026-03-21 23:16:17 [INFO] paper_trader: Weekend in ET (Saturday 08:16 ET). Polling every 60s.
2026-03-22 00:16:23 [INFO] paper_trader: Weekend in ET (Saturday 09:16 ET). Polling every 60s.
2026-03-22 01:16:28 [INFO] paper_trader: Weekend in ET (Saturday 10:16 ET). Polling every 60s.
2026-03-22 02:16:32 [INFO] paper_trader: Weekend in ET (Saturday 11:16 ET). Polling every 60s.
2026-03-22 03:17:05 [INFO] paper_trader: Weekend in ET (Saturday 12:17 ET). Polling every 60s.
2026-03-22 04:24:39 [INFO] paper_trader: Weekend in ET (Saturday 13:24 ET). Polling every 60s.
2026-03-22 05:48:25 [INFO] paper_trader: Weekend in ET (Saturday 14:48 ET). Polling every 60s.
2026-03-22 06:56:06 [INFO] paper_trader: Weekend in ET (Saturday 15:56 ET). Polling every 60s.
2026-03-22 07:56:55 [INFO] paper_trader: Weekend in ET (Saturday 16:56 ET). Polling every 60s.
2026-03-22 09:07:11 [INFO] paper_trader: Weekend in ET (Saturday 18:07 ET). Polling every 60s.
2026-03-22 10:07:47 [INFO] paper_trader: Weekend in ET (Saturday 19:07 ET). Polling every 60s.
2026-03-22 11:08:51 [INFO] paper_trader: Weekend in ET (Saturday 20:08 ET). Polling every 60s.
2026-03-22 12:10:27 [INFO] paper_trader: Weekend in ET (Saturday 21:10 ET). Polling every 60s.
2026-03-22 13:11:19 [INFO] paper_trader: Weekend in ET (Saturday 22:11 ET). Polling every 60s.
2026-03-22 14:11:26 [INFO] paper_trader: Weekend in ET (Saturday 23:11 ET). Polling every 60s.
2026-03-22 15:18:03 [INFO] paper_trader: Weekend in ET (Sunday 00:18 ET). Polling every 60s.
2026-03-22 16:18:53 [INFO] paper_trader: Weekend in ET (Sunday 01:18 ET). Polling every 60s.
2026-03-22 17:18:57 [INFO] paper_trader: Weekend in ET (Sunday 02:18 ET). Polling every 60s.
2026-03-22 18:19:14 [INFO] paper_trader: Weekend in ET (Sunday 03:19 ET). Polling every 60s.
2026-03-22 20:15:11 [INFO] paper_trader: Weekend in ET (Sunday 05:15 ET). Polling every 60s.
2026-03-22 21:15:15 [INFO] paper_trader: Weekend in ET (Sunday 06:15 ET). Polling every 60s.
2026-03-22 22:15:20 [INFO] paper_trader: Weekend in ET (Sunday 07:15 ET). Polling every 60s.
2026-03-22 23:15:26 [INFO] paper_trader: Weekend in ET (Sunday 08:15 ET). Polling every 60s.
2026-03-23 00:23:43 [INFO] paper_trader: Weekend in ET (Sunday 09:23 ET). Polling every 60s.
2026-03-23 01:23:51 [INFO] paper_trader: Weekend in ET (Sunday 10:23 ET). Polling every 60s.
2026-03-23 02:33:41 [INFO] paper_trader: Weekend in ET (Sunday 11:33 ET). Polling every 60s.
2026-03-23 03:44:36 [INFO] paper_trader: Weekend in ET (Sunday 12:44 ET). Polling every 60s.
2026-03-23 04:53:48 [INFO] paper_trader: Weekend in ET (Sunday 13:53 ET). Polling every 60s.
2026-03-23 06:00:47 [INFO] paper_trader: Weekend in ET (Sunday 15:00 ET). Polling every 60s.
2026-03-23 07:15:20 [INFO] paper_trader: Weekend in ET (Sunday 16:15 ET). Polling every 60s.
2026-03-23 08:22:27 [INFO] paper_trader: Weekend in ET (Sunday 17:22 ET). Polling every 60s.
2026-03-23 09:29:12 [INFO] paper_trader: Weekend in ET (Sunday 18:29 ET). Polling every 60s.
2026-03-23 10:30:02 [INFO] paper_trader: Weekend in ET (Sunday 19:30 ET). Polling every 60s.
2026-03-23 11:30:41 [INFO] paper_trader: Weekend in ET (Sunday 20:30 ET). Polling every 60s.
2026-03-23 12:32:18 [INFO] paper_trader: Weekend in ET (Sunday 21:32 ET). Polling every 60s.
2026-03-23 13:32:41 [INFO] paper_trader: Weekend in ET (Sunday 22:32 ET). Polling every 60s.
2026-03-23 14:32:47 [INFO] paper_trader: Weekend in ET (Sunday 23:32 ET). Polling every 60s.
2026-03-23 15:02:50 [INFO] paper_trader: Waiting for 15:30 ET (15.5h away)
2026-03-23 15:33:07 [INFO] paper_trader: Waiting for 15:30 ET (14.9h away)
2026-03-23 16:03:13 [INFO] paper_trader: Waiting for 15:30 ET (14.4h away)
2026-03-23 16:33:17 [INFO] paper_trader: Waiting for 15:30 ET (13.9h away)
2026-03-23 18:00:49 [INFO] paper_trader: Waiting for 15:30 ET (12.5h away)
2026-03-23 19:09:22 [INFO] paper_trader: Waiting for 15:30 ET (11.3h away)
2026-03-23 20:09:12 [INFO] paper_trader: Waiting for 15:30 ET (10.3h away)
2026-03-23 20:47:51 [INFO] paper_trader: Waiting for 15:30 ET (9.7h away)
2026-03-23 21:17:55 [INFO] paper_trader: Waiting for 15:30 ET (9.2h away)
2026-03-23 21:47:58 [INFO] paper_trader: Waiting for 15:30 ET (8.7h away)
2026-03-23 22:18:02 [INFO] paper_trader: Waiting for 15:30 ET (8.2h away)
2026-03-23 22:48:06 [INFO] paper_trader: Waiting for 15:30 ET (7.7h away)
2026-03-23 23:18:10 [INFO] paper_trader: Waiting for 15:30 ET (7.2h away)
2026-03-23 23:48:14 [INFO] paper_trader: Waiting for 15:30 ET (6.7h away)
2026-03-24 00:18:18 [INFO] paper_trader: Waiting for 15:30 ET (6.2h away)
2026-03-24 00:48:22 [INFO] paper_trader: Waiting for 15:30 ET (5.7h away)
2026-03-24 01:22:35 [INFO] paper_trader: Waiting for 15:30 ET (5.1h away)
2026-03-24 02:04:22 [INFO] paper_trader: Waiting for 15:30 ET (4.4h away)
2026-03-24 02:34:30 [INFO] paper_trader: Waiting for 15:30 ET (3.9h away)
2026-03-24 03:04:38 [INFO] paper_trader: Waiting for 15:30 ET (3.4h away)
2026-03-24 03:42:07 [INFO] paper_trader: Waiting for 15:30 ET (2.8h away)
2026-03-24 04:22:38 [INFO] paper_trader: Waiting for 15:30 ET (2.1h away)
2026-03-24 04:56:20 [INFO] paper_trader: Waiting for 15:30 ET (1.6h away)
2026-03-24 05:28:32 [INFO] paper_trader: Waiting for 15:30 ET (1.0h away)
2026-03-24 06:01:33 [INFO] paper_trader: Waiting for 15:30 ET (0.5h away)
2026-03-24 06:36:54 [INFO] paper_trader: ============================================================
2026-03-24 06:36:54 [INFO] paper_trader: AUTO-TRADE: 2026-03-23 15:36:54 ET
2026-03-24 06:36:54 [INFO] paper_trader: ============================================================
2026-03-24 06:36:56 [INFO] paper_trader: Fetching market data...
2026-03-24 06:37:07 [INFO] paper_trader: Data: 150 symbols, 518 days (10.6s)
2026-03-24 06:37:07 [INFO] paper_trader: Generating signals...
2026-03-24 06:37:07 [INFO] qrt.execution.signal_generator:   Running: time_series_momentum
2026-03-24 06:37:07 [INFO] qrt.execution.signal_generator:     Sharpe: -0.236
2026-03-24 06:37:07 [INFO] qrt.execution.signal_generator:   Running: residual_reversal
2026-03-24 06:37:07 [INFO] qrt.execution.signal_generator:     Sharpe: 0.577
2026-03-24 06:37:07 [INFO] qrt.execution.signal_generator:   Leverage: 2.00x (fixed)
2026-03-24 06:37:07 [INFO] qrt.execution.signal_generator:   Target: 90 long, 52 short, gross: 152.36%
2026-03-24 06:37:07 [INFO] paper_trader: Signals: 142 positions (0.1s)
2026-03-24 06:37:07 [INFO] paper_trader: Portfolio: 90 long, 52 short, gross=152.4%, net=45.9%, equity=$99,663
2026-03-24 06:37:07 [INFO] paper_trader: Submitting rebalance orders...
2026-03-24 06:37:09 [WARNING] qrt.execution.alpaca_broker: Sell/short order failed for EA: {"available":"21.750682643","code":40310000,"existing_qty":"21.750682643","held_for_orders":"0","message":"insufficient qty available for order (requested: 32, available: 21.750682643)","symbol":"EA"}
2026-03-24 06:37:09 [WARNING] qrt.execution.alpaca_broker: Sell/short order failed for HUM: {"available":"3.332947342","code":40310000,"existing_qty":"3.332947342","held_for_orders":"0","message":"insufficient qty available for order (requested: 6, available: 3.332947342)","symbol":"HUM"}
2026-03-24 06:37:10 [WARNING] qrt.execution.alpaca_broker: Sell/short order failed for SBUX: {"available":"13.717711627","code":40310000,"existing_qty":"13.717711627","held_for_orders":"0","message":"insufficient qty available for order (requested: 15, available: 13.717711627)","symbol":"SBUX"}
2026-03-24 06:37:11 [WARNING] qrt.execution.alpaca_broker: Buy order failed for EQIX: {"available":"1","code":40310000,"existing_qty":"1","held_for_orders":"0","message":"insufficient qty available for order (requested: 1.368350981, available: 1)","symbol":"EQIX"}
2026-03-24 06:37:11 [INFO] qrt.execution.alpaca_broker: Skipping BKNG short — less than 1 share ($984 / $4413.57)
2026-03-24 06:37:11 [WARNING] qrt.execution.alpaca_broker: Sell/short order failed for MRK: {"available":"5.909241499","code":40310000,"existing_qty":"5.909241499","held_for_orders":"0","message":"insufficient qty available for order (requested: 15, available: 5.909241499)","symbol":"MRK"}
2026-03-24 06:37:12 [WARNING] qrt.execution.alpaca_broker: Sell/short order failed for GM: {"available":"16.480959479","code":40310000,"existing_qty":"16.480959479","held_for_orders":"0","message":"insufficient qty available for order (requested: 20, available: 16.480959479)","symbol":"GM"}
2026-03-24 06:37:12 [WARNING] qrt.execution.alpaca_broker: Sell/short order failed for ACN: {"available":"1.045298558","code":40310000,"existing_qty":"1.045298558","held_for_orders":"0","message":"insufficient qty available for order (requested: 8, available: 1.045298558)","symbol":"ACN"}
2026-03-24 06:37:12 [INFO] qrt.execution.alpaca_broker: Skipping QCOM short — less than 1 share ($103 / $128.77)
2026-03-24 06:37:14 [WARNING] qrt.execution.alpaca_broker: Buy order failed for GD: {"available":"3","code":40310000,"existing_qty":"3","held_for_orders":"0","message":"insufficient qty available for order (requested: 5.886166279, available: 3)","symbol":"GD"}
2026-03-24 06:37:14 [INFO] qrt.execution.alpaca_broker: Skipping ICE short — less than 1 share ($102 / $158.19)
2026-03-24 06:37:15 [WARNING] qrt.execution.alpaca_broker: Buy order failed for MCHP: {"available":"18","code":40310000,"existing_qty":"18","held_for_orders":"0","message":"insufficient qty available for order (requested: 25.684868116, available: 18)","symbol":"MCHP"}
2026-03-24 06:37:16 [WARNING] qrt.execution.alpaca_broker: Buy order failed for HAL: {"available":"10","code":40310000,"existing_qty":"10","held_for_orders":"0","message":"insufficient qty available for order (requested: 38.768776824, available: 10)","symbol":"HAL"}
2026-03-24 06:37:16 [INFO] qrt.execution.alpaca_broker: Skipping HD short — less than 1 share ($201 / $332.47)
2026-03-24 06:37:16 [WARNING] qrt.execution.alpaca_broker: Sell/short order failed for NEE: {"available":"12.153028769","code":40310000,"existing_qty":"12.153028769","held_for_orders":"0","message":"insufficient qty available for order (requested: 20, available: 12.153028769)","symbol":"NEE"}
2026-03-24 06:37:16 [WARNING] qrt.execution.alpaca_broker: Buy order failed for CB: {"available":"7","code":40310000,"existing_qty":"7","held_for_orders":"0","message":"insufficient qty available for order (requested: 8.421142787, available: 7)","symbol":"CB"}
2026-03-24 06:37:16 [INFO] qrt.execution.alpaca_broker: Skipping INTU short — less than 1 share ($323 / $458.34)
2026-03-24 06:37:17 [WARNING] qrt.execution.alpaca_broker: Buy order failed for USB: {"available":"18","code":40310000,"existing_qty":"18","held_for_orders":"0","message":"insufficient qty available for order (requested: 31.167342995, available: 18)","symbol":"USB"}
2026-03-24 06:37:18 [WARNING] qrt.execution.alpaca_broker: Sell/short order failed for SYK: {"available":"3.869621254","code":40310000,"existing_qty":"3.869621254","held_for_orders":"0","message":"insufficient qty available for order (requested: 4, available: 3.869621254)","symbol":"SYK"}
2026-03-24 06:37:19 [WARNING] qrt.execution.alpaca_broker: Sell/short order failed for SPG: {"available":"2.620710344","code":40310000,"existing_qty":"2.620710344","held_for_orders":"0","message":"insufficient qty available for order (requested: 12, available: 2.620710344)","symbol":"SPG"}
2026-03-24 06:37:19 [WARNING] qrt.execution.alpaca_broker: Buy order failed for KR: {"available":"13","code":40310000,"existing_qty":"13","held_for_orders":"0","message":"insufficient qty available for order (requested: 17.277562862, available: 13)","symbol":"KR"}
2026-03-24 06:37:20 [WARNING] qrt.execution.alpaca_broker: Buy order failed for TXN: {"available":"8","code":40310000,"existing_qty":"8","held_for_orders":"0","message":"insufficient qty available for order (requested: 8.545113576, available: 8)","symbol":"TXN"}
2026-03-24 06:37:21 [WARNING] qrt.execution.alpaca_broker: Sell/short order failed for AIG: {"available":"25.648205403","code":40310000,"existing_qty":"25.648205403","held_for_orders":"0","message":"insufficient qty available for order (requested: 29, available: 25.648205403)","symbol":"AIG"}
2026-03-24 06:37:21 [INFO] qrt.execution.alpaca_broker: Skipping UNH short — less than 1 share ($227 / $269.67)
2026-03-24 06:37:22 [WARNING] qrt.execution.alpaca_broker: Sell/short order failed for CSX: {"available":"24.629111629","code":40310000,"existing_qty":"24.629111629","held_for_orders":"0","message":"insufficient qty available for order (requested: 38, available: 24.629111629)","symbol":"CSX"}
2026-03-24 06:37:23 [WARNING] qrt.execution.alpaca_broker: Buy order failed for BK: {"available":"8","code":40310000,"existing_qty":"8","held_for_orders":"0","message":"insufficient qty available for order (requested: 18.228005487, available: 8)","symbol":"BK"}
2026-03-24 06:37:25 [WARNING] qrt.execution.alpaca_broker: Sell/short order failed for MAR: {"available":"2.471871621","code":40310000,"existing_qty":"2.471871621","held_for_orders":"0","message":"insufficient qty available for order (requested: 4, available: 2.471871621)","symbol":"MAR"}
2026-03-24 06:37:26 [WARNING] qrt.execution.alpaca_broker: Buy order failed for PG: {"available":"3","code":40310000,"existing_qty":"3","held_for_orders":"0","message":"insufficient qty available for order (requested: 11.667385257, available: 3)","symbol":"PG"}
2026-03-24 06:37:27 [WARNING] qrt.execution.alpaca_broker: Sell/short order failed for CMCSA: {"available":"35.954201101","code":40310000,"existing_qty":"35.954201101","held_for_orders":"0","message":"insufficient qty available for order (requested: 57, available: 35.954201101)","symbol":"CMCSA"}
2026-03-24 06:37:28 [INFO] qrt.execution.alpaca_broker: Skipping APD short — less than 1 share ($147 / $278.77)
2026-03-24 06:37:28 [INFO] qrt.execution.alpaca_broker: Rebalance complete: 76 orders submitted
2026-03-24 06:37:28 [INFO] paper_trader: Orders: 53 OK, 23 failed (of 76 total)
2026-03-24 06:37:29 [INFO] qrt.execution.live_dashboard: Live dashboard saved: /Users/ronald/ai_trade_algo_test/reports/live_dashboard.html
2026-03-24 06:37:29 [INFO] paper_trader: Trade complete. Next trade: tomorrow 15:30 ET
2026-03-24 06:37:29 [INFO] paper_trader: ============================================================
2026-03-24 15:00:38 [INFO] paper_trader: Waiting for 15:30 ET (15.5h away)
2026-03-24 15:30:42 [INFO] paper_trader: Waiting for 15:30 ET (15.0h away)
2026-03-24 16:00:46 [INFO] paper_trader: Waiting for 15:30 ET (14.5h away)
2026-03-24 16:30:49 [INFO] paper_trader: Waiting for 15:30 ET (14.0h away)
2026-03-24 17:00:53 [INFO] paper_trader: Waiting for 15:30 ET (13.5h away)
2026-03-24 17:30:57 [INFO] paper_trader: Waiting for 15:30 ET (13.0h away)
2026-03-24 18:01:04 [INFO] paper_trader: Waiting for 15:30 ET (12.5h away)
2026-03-24 18:35:21 [INFO] paper_trader: Waiting for 15:30 ET (11.9h away)
2026-03-24 19:10:47 [INFO] paper_trader: Waiting for 15:30 ET (11.3h away)
2026-03-24 19:45:18 [INFO] paper_trader: Waiting for 15:30 ET (10.7h away)
2026-03-24 20:18:01 [INFO] paper_trader: Waiting for 15:30 ET (10.2h away)
2026-03-24 20:52:21 [INFO] paper_trader: Waiting for 15:30 ET (9.6h away)
2026-03-24 21:22:38 [INFO] paper_trader: Waiting for 15:30 ET (9.1h away)
2026-03-24 21:52:46 [INFO] paper_trader: Waiting for 15:30 ET (8.6h away)
2026-03-24 22:22:51 [INFO] paper_trader: Waiting for 15:30 ET (8.1h away)
2026-03-24 22:52:55 [INFO] paper_trader: Waiting for 15:30 ET (7.6h away)
2026-03-24 23:22:59 [INFO] paper_trader: Waiting for 15:30 ET (7.1h away)
2026-03-24 23:53:03 [INFO] paper_trader: Waiting for 15:30 ET (6.6h away)
2026-03-25 00:23:07 [INFO] paper_trader: Waiting for 15:30 ET (6.1h away)
2026-03-25 00:53:11 [INFO] paper_trader: Waiting for 15:30 ET (5.6h away)
2026-03-25 01:23:14 [INFO] paper_trader: Waiting for 15:30 ET (5.1h away)
2026-03-25 02:01:36 [INFO] paper_trader: Waiting for 15:30 ET (4.5h away)
2026-03-25 02:35:36 [INFO] paper_trader: Waiting for 15:30 ET (3.9h away)
2026-03-25 03:08:07 [INFO] paper_trader: Waiting for 15:30 ET (3.4h away)
2026-03-25 12:18:07 [INFO] paper_trader: Past market close (21:18 ET). Missed today's window.
2026-03-25 15:00:19 [INFO] paper_trader: Waiting for 15:30 ET (15.5h away)
2026-03-25 15:30:23 [INFO] paper_trader: Waiting for 15:30 ET (15.0h away)
2026-03-25 16:00:26 [INFO] paper_trader: Waiting for 15:30 ET (14.5h away)
2026-03-25 16:30:34 [INFO] paper_trader: Waiting for 15:30 ET (14.0h away)
2026-03-25 17:00:38 [INFO] paper_trader: Waiting for 15:30 ET (13.5h away)
2026-03-25 17:30:41 [INFO] paper_trader: Waiting for 15:30 ET (13.0h away)
2026-03-25 18:00:45 [INFO] paper_trader: Waiting for 15:30 ET (12.5h away)
2026-03-25 18:30:50 [INFO] paper_trader: Waiting for 15:30 ET (12.0h away)
2026-03-25 19:00:56 [INFO] paper_trader: Waiting for 15:30 ET (11.5h away)
2026-03-25 19:31:01 [INFO] paper_trader: Waiting for 15:30 ET (11.0h away)
2026-03-25 20:01:25 [INFO] paper_trader: Waiting for 15:30 ET (10.5h away)
2026-03-25 20:43:13 [INFO] paper_trader: Waiting for 15:30 ET (9.8h away)
2026-03-25 21:20:18 [INFO] paper_trader: Waiting for 15:30 ET (9.2h away)
2026-03-25 21:50:23 [INFO] paper_trader: Waiting for 15:30 ET (8.7h away)
2026-03-25 22:20:28 [INFO] paper_trader: Waiting for 15:30 ET (8.2h away)
2026-03-25 22:50:32 [INFO] paper_trader: Waiting for 15:30 ET (7.7h away)
2026-03-25 23:20:38 [INFO] paper_trader: Waiting for 15:30 ET (7.2h away)
2026-03-25 23:50:46 [INFO] paper_trader: Waiting for 15:30 ET (6.7h away)
2026-03-26 00:20:54 [INFO] paper_trader: Waiting for 15:30 ET (6.2h away)
2026-03-26 00:51:03 [INFO] paper_trader: Waiting for 15:30 ET (5.6h away)
2026-03-26 01:21:11 [INFO] paper_trader: Waiting for 15:30 ET (5.1h away)
2026-03-26 01:51:19 [INFO] paper_trader: Waiting for 15:30 ET (4.6h away)
2026-03-26 02:21:27 [INFO] paper_trader: Waiting for 15:30 ET (4.1h away)
2026-03-26 02:51:35 [INFO] paper_trader: Waiting for 15:30 ET (3.6h away)
2026-03-26 03:21:44 [INFO] paper_trader: Waiting for 15:30 ET (3.1h away)
2026-03-26 03:51:52 [INFO] paper_trader: Waiting for 15:30 ET (2.6h away)
2026-03-26 04:22:01 [INFO] paper_trader: Waiting for 15:30 ET (2.1h away)
2026-03-26 04:52:09 [INFO] paper_trader: Waiting for 15:30 ET (1.6h away)
2026-03-26 05:22:17 [INFO] paper_trader: Waiting for 15:30 ET (1.1h away)
2026-03-26 05:52:25 [INFO] paper_trader: Waiting for 15:30 ET (0.6h away)
2026-03-26 06:22:33 [INFO] paper_trader: Waiting for 15:30 ET (0.1h away)
2026-03-26 06:30:00 [INFO] paper_trader: ============================================================
2026-03-26 06:30:00 [INFO] paper_trader: AUTO-TRADE: 2026-03-25 15:30:00 ET
2026-03-26 06:30:00 [INFO] paper_trader: ============================================================
2026-03-26 06:30:01 [INFO] paper_trader: Fetching market data...
2026-03-26 06:30:37 [INFO] paper_trader: Data: 150 symbols, 518 days (36.6s)
2026-03-26 06:30:37 [INFO] paper_trader: Generating signals...
2026-03-26 06:30:38 [INFO] qrt.execution.signal_generator:   Running: time_series_momentum
2026-03-26 06:30:38 [INFO] qrt.execution.signal_generator:     Sharpe: -0.068
2026-03-26 06:30:38 [INFO] qrt.execution.signal_generator:   Running: residual_reversal
2026-03-26 06:30:38 [INFO] qrt.execution.signal_generator:     Sharpe: 1.306
2026-03-26 06:30:38 [INFO] qrt.execution.signal_generator:   Leverage: 2.00x (fixed)
2026-03-26 06:30:38 [INFO] qrt.execution.signal_generator:   Target: 90 long, 49 short, gross: 149.35%
2026-03-26 06:30:38 [INFO] paper_trader: Signals: 139 positions (0.9s)
2026-03-26 06:30:39 [INFO] paper_trader: Portfolio: 90 long, 49 short, gross=149.3%, net=46.4%, equity=$100,524
2026-03-26 06:30:39 [INFO] paper_trader: Submitting rebalance orders...
2026-03-26 06:30:40 [WARNING] qrt.execution.alpaca_broker: Buy order failed for CL: {"available":"2","code":40310000,"existing_qty":"2","held_for_orders":"0","message":"insufficient qty available for order (requested: 20.66826923, available: 2)","symbol":"CL"}
2026-03-26 06:30:41 [WARNING] qrt.execution.alpaca_broker: Sell/short order failed for LOW: {"available":"0.453093269","code":40310000,"existing_qty":"0.453093269","held_for_orders":"0","message":"insufficient qty available for order (requested: 0.453249013, available: 0.453093269)","symbol":"LOW"}
2026-03-26 06:30:42 [WARNING] qrt.execution.alpaca_broker: Buy order failed for ABT: {"available":"4","code":40310000,"existing_qty":"4","held_for_orders":"0","message":"insufficient qty available for order (requested: 16.718933788, available: 4)","symbol":"ABT"}
2026-03-26 06:30:42 [WARNING] qrt.execution.alpaca_broker: Sell/short order failed for EA: {"available":"21.750682643","code":40310000,"existing_qty":"21.750682643","held_for_orders":"0","message":"insufficient qty available for order (requested: 31, available: 21.750682643)","symbol":"EA"}
2026-03-26 06:30:45 [WARNING] qrt.execution.alpaca_broker: Buy order failed for KR: {"available":"13","code":40310000,"existing_qty":"13","held_for_orders":"0","message":"insufficient qty available for order (requested: 15.862978723, available: 13)","symbol":"KR"}
2026-03-26 06:30:45 [WARNING] qrt.execution.alpaca_broker: Buy order failed for SRE: {"available":"10.523613107","code":40310000,"existing_qty":"10.523613107","held_for_orders":"0","message":"insufficient qty available for order (requested: 24.212013394, available: 10.523613107)","symbol":"SRE"}
2026-03-26 06:30:46 [WARNING] qrt.execution.alpaca_broker: Sell/short order failed for ACN: {"available":"1.045298558","code":40310000,"existing_qty":"1.045298558","held_for_orders":"0","message":"insufficient qty available for order (requested: 4, available: 1.045298558)","symbol":"ACN"}
2026-03-26 06:30:46 [WARNING] qrt.execution.alpaca_broker: Sell/short order failed for GM: {"available":"16.480959479","code":40310000,"existing_qty":"16.480959479","held_for_orders":"0","message":"insufficient qty available for order (requested: 22, available: 16.480959479)","symbol":"GM"}
2026-03-26 06:30:47 [INFO] qrt.execution.alpaca_broker: Skipping BLK short — less than 1 share ($159 / $981.26)
2026-03-26 06:30:49 [WARNING] qrt.execution.alpaca_broker: Buy order failed for UNH: {"available":"2","code":40310000,"existing_qty":"2","held_for_orders":"0","message":"insufficient qty available for order (requested: 5.072005034, available: 2)","symbol":"UNH"}
2026-03-26 06:30:50 [INFO] qrt.execution.alpaca_broker: Skipping HD short — less than 1 share ($277 / $332.35)
2026-03-26 06:30:54 [WARNING] qrt.execution.alpaca_broker: Sell/short order failed for ADBE: {"available":"1.003498518","code":40310000,"existing_qty":"1.003498518","held_for_orders":"0","message":"insufficient qty available for order (requested: 4, available: 1.003498518)","symbol":"ADBE"}
2026-03-26 06:30:54 [WARNING] qrt.execution.alpaca_broker: Buy order failed for HON: {"available":"8","code":40310000,"existing_qty":"8","held_for_orders":"0","message":"insufficient qty available for order (requested: 8.981912258, available: 8)","symbol":"HON"}
2026-03-26 06:30:55 [WARNING] qrt.execution.alpaca_broker: Sell/short order failed for AIG: {"available":"25.648205403","code":40310000,"existing_qty":"25.648205403","held_for_orders":"0","message":"insufficient qty available for order (requested: 29, available: 25.648205403)","symbol":"AIG"}
2026-03-26 06:30:56 [WARNING] qrt.execution.alpaca_broker: Buy order failed for CB: {"available":"7","code":40310000,"existing_qty":"7","held_for_orders":"0","message":"insufficient qty available for order (requested: 8.455711027, available: 7)","symbol":"CB"}
2026-03-26 06:30:57 [WARNING] qrt.execution.alpaca_broker: Sell/short order failed for TMO: {"available":"2.978878599","code":40310000,"existing_qty":"2.978878599","held_for_orders":"0","message":"insufficient qty available for order (requested: 6, available: 2.978878599)","symbol":"TMO"}
2026-03-26 06:30:57 [WARNING] qrt.execution.alpaca_broker: Buy order failed for EQIX: {"available":"1","code":40310000,"existing_qty":"1","held_for_orders":"0","message":"insufficient qty available for order (requested: 1.364109071, available: 1)","symbol":"EQIX"}
2026-03-26 06:30:57 [WARNING] qrt.execution.alpaca_broker: Buy order failed for HAL: {"available":"10","code":40310000,"existing_qty":"10","held_for_orders":"0","message":"insufficient qty available for order (requested: 38.482669425, available: 10)","symbol":"HAL"}
2026-03-26 06:30:58 [WARNING] qrt.execution.alpaca_broker: Sell/short order failed for MAR: {"available":"2.471871621","code":40310000,"existing_qty":"2.471871621","held_for_orders":"0","message":"insufficient qty available for order (requested: 4, available: 2.471871621)","symbol":"MAR"}
2026-03-26 06:30:59 [WARNING] qrt.execution.alpaca_broker: Sell/short order failed for HUM: {"available":"3.332947342","code":40310000,"existing_qty":"3.332947342","held_for_orders":"0","message":"insufficient qty available for order (requested: 12, available: 3.332947342)","symbol":"HUM"}
2026-03-26 06:30:59 [WARNING] qrt.execution.alpaca_broker: Sell/short order failed for CDNS: {"available":"4.991118309","code":40310000,"existing_qty":"4.991118309","held_for_orders":"0","message":"insufficient qty available for order (requested: 4.992106386, available: 4.991118309)","symbol":"CDNS"}
2026-03-26 06:30:59 [INFO] qrt.execution.alpaca_broker: Skipping BKNG short — less than 1 share ($1191 / $4241.83)
2026-03-26 06:30:59 [INFO] qrt.execution.alpaca_broker: Skipping CRM short — less than 1 share ($142 / $181.92)
2026-03-26 06:31:00 [WARNING] qrt.execution.alpaca_broker: Buy order failed for NKE: {"available":"10","code":40310000,"existing_qty":"10","held_for_orders":"0","message":"insufficient qty available for order (requested: 35.709087481, available: 10)","symbol":"NKE"}
2026-03-26 06:31:00 [WARNING] qrt.execution.alpaca_broker: Sell/short order failed for AXP: {"available":"1.040004068","code":40310000,"existing_qty":"1.040004068","held_for_orders":"0","message":"insufficient qty available for order (requested: 4, available: 1.040004068)","symbol":"AXP"}
2026-03-26 06:31:00 [INFO] qrt.execution.alpaca_broker: Skipping ICE short — less than 1 share ($115 / $156.91)
2026-03-26 06:31:00 [WARNING] qrt.execution.alpaca_broker: Sell/short order failed for MRK: {"available":"5.909241499","code":40310000,"existing_qty":"5.909241499","held_for_orders":"0","message":"insufficient qty available for order (requested: 11, available: 5.909241499)","symbol":"MRK"}
2026-03-26 06:31:01 [WARNING] qrt.execution.alpaca_broker: Buy order failed for USB: {"available":"18","code":40310000,"existing_qty":"18","held_for_orders":"0","message":"insufficient qty available for order (requested: 29.348370927, available: 18)","symbol":"USB"}
2026-03-26 06:31:01 [WARNING] qrt.execution.alpaca_broker: Sell/short order failed for ADI: {"available":"4.428785559","code":40310000,"existing_qty":"4.428785559","held_for_orders":"0","message":"insufficient qty available for order (requested: 4.430643755, available: 4.428785559)","symbol":"ADI"}
2026-03-26 06:31:02 [WARNING] qrt.execution.alpaca_broker: Buy order failed for TXN: {"available":"8","code":40310000,"existing_qty":"8","held_for_orders":"0","message":"insufficient qty available for order (requested: 16.146270781, available: 8)","symbol":"TXN"}
2026-03-26 06:31:02 [WARNING] qrt.execution.alpaca_broker: Sell/short order failed for NEE: {"available":"12.153028769","code":40310000,"existing_qty":"12.153028769","held_for_orders":"0","message":"insufficient qty available for order (requested: 19, available: 12.153028769)","symbol":"NEE"}
2026-03-26 06:31:02 [INFO] qrt.execution.alpaca_broker: Rebalance complete: 77 orders submitted
2026-03-26 06:31:02 [INFO] paper_trader: Orders: 51 OK, 26 failed (of 77 total)
2026-03-26 06:31:03 [INFO] qrt.execution.live_dashboard: Live dashboard saved: /Users/ronald/ai_trade_algo_test/reports/live_dashboard.html
2026-03-26 06:31:03 [INFO] paper_trader: Trade complete. Next trade: tomorrow 15:30 ET
2026-03-26 06:31:03 [INFO] paper_trader: ============================================================
2026-03-26 15:11:58 [INFO] paper_trader: Waiting for 15:30 ET (15.3h away)
2026-03-26 16:01:49 [INFO] paper_trader: Waiting for 15:30 ET (14.5h away)
2026-03-26 16:31:53 [INFO] paper_trader: Waiting for 15:30 ET (14.0h away)
2026-03-26 17:01:57 [INFO] paper_trader: Waiting for 15:30 ET (13.5h away)
2026-03-26 18:00:31 [INFO] paper_trader: Waiting for 15:30 ET (12.5h away)
2026-03-26 18:40:08 [INFO] paper_trader: Waiting for 15:30 ET (11.8h away)
2026-03-26 19:16:34 [INFO] paper_trader: Waiting for 15:30 ET (11.2h away)
2026-03-26 19:46:38 [INFO] paper_trader: Waiting for 15:30 ET (10.7h away)
2026-03-26 20:16:42 [INFO] paper_trader: Waiting for 15:30 ET (10.2h away)
2026-03-26 20:46:46 [INFO] paper_trader: Waiting for 15:30 ET (9.7h away)
2026-03-26 21:16:50 [INFO] paper_trader: Waiting for 15:30 ET (9.2h away)
2026-03-26 21:46:53 [INFO] paper_trader: Waiting for 15:30 ET (8.7h away)
2026-03-26 22:16:57 [INFO] paper_trader: Waiting for 15:30 ET (8.2h away)
2026-03-26 22:47:01 [INFO] paper_trader: Waiting for 15:30 ET (7.7h away)
2026-03-26 23:17:05 [INFO] paper_trader: Waiting for 15:30 ET (7.2h away)
2026-03-26 23:47:09 [INFO] paper_trader: Waiting for 15:30 ET (6.7h away)
2026-03-27 00:17:13 [INFO] paper_trader: Waiting for 15:30 ET (6.2h away)
2026-03-27 00:47:20 [INFO] paper_trader: Waiting for 15:30 ET (5.7h away)
2026-03-27 01:17:28 [INFO] paper_trader: Waiting for 15:30 ET (5.2h away)
2026-03-27 01:47:36 [INFO] paper_trader: Waiting for 15:30 ET (4.7h away)
2026-03-27 02:17:44 [INFO] paper_trader: Waiting for 15:30 ET (4.2h away)
2026-03-27 02:47:52 [INFO] paper_trader: Waiting for 15:30 ET (3.7h away)
2026-03-27 03:18:00 [INFO] paper_trader: Waiting for 15:30 ET (3.2h away)
2026-03-27 03:48:08 [INFO] paper_trader: Waiting for 15:30 ET (2.7h away)
2026-03-27 04:18:16 [INFO] paper_trader: Waiting for 15:30 ET (2.2h away)
2026-03-27 04:48:24 [INFO] paper_trader: Waiting for 15:30 ET (1.7h away)
2026-03-27 05:18:33 [INFO] paper_trader: Waiting for 15:30 ET (1.2h away)
2026-03-27 05:48:41 [INFO] paper_trader: Waiting for 15:30 ET (0.7h away)
2026-03-27 06:18:49 [INFO] paper_trader: Waiting for 15:30 ET (0.2h away)
2026-03-27 06:30:00 [INFO] paper_trader: ============================================================
2026-03-27 06:30:00 [INFO] paper_trader: AUTO-TRADE: 2026-03-26 15:30:00 ET
2026-03-27 06:30:00 [INFO] paper_trader: ============================================================
2026-03-27 06:30:00 [INFO] paper_trader: Fetching market data...
2026-03-27 06:30:19 [INFO] paper_trader: Data: 150 symbols, 518 days (19.1s)
2026-03-27 06:30:19 [INFO] paper_trader: Generating signals...
2026-03-27 06:30:19 [INFO] qrt.execution.signal_generator:   Running: time_series_momentum
2026-03-27 06:30:19 [INFO] qrt.execution.signal_generator:     Sharpe: -0.062
2026-03-27 06:30:19 [INFO] qrt.execution.signal_generator:   Running: residual_reversal
2026-03-27 06:30:20 [INFO] qrt.execution.signal_generator:     Sharpe: 0.497
2026-03-27 06:30:20 [INFO] qrt.execution.signal_generator:   Leverage: 2.00x (fixed)
2026-03-27 06:30:20 [INFO] qrt.execution.signal_generator:   Target: 90 long, 53 short, gross: 147.54%
2026-03-27 06:30:20 [INFO] paper_trader: Signals: 143 positions (0.1s)
2026-03-27 06:30:20 [INFO] paper_trader: Portfolio: 90 long, 53 short, gross=147.5%, net=43.0%, equity=$99,730
2026-03-27 06:30:20 [INFO] paper_trader: Submitting rebalance orders...
2026-03-27 06:30:21 [WARNING] qrt.execution.alpaca_broker: Buy order failed for CL: {"available":"2","code":40310000,"existing_qty":"2","held_for_orders":"0","message":"insufficient qty available for order (requested: 19.80035545, available: 2)","symbol":"CL"}
2026-03-27 06:30:21 [WARNING] qrt.execution.alpaca_broker: Sell/short order failed for LOW: {"available":"0.453093269","code":40310000,"existing_qty":"0.453093269","held_for_orders":"0","message":"insufficient qty available for order (requested: 0.453195472, available: 0.453093269)","symbol":"LOW"}
2026-03-27 06:30:22 [WARNING] qrt.execution.alpaca_broker: Buy order failed for PFE: {"available":"69","code":40310000,"existing_qty":"69","held_for_orders":"0","message":"insufficient qty available for order (requested: 79.229038112, available: 69)","symbol":"PFE"}
2026-03-27 06:30:22 [WARNING] qrt.execution.alpaca_broker: Buy order failed for ABT: {"available":"4","code":40310000,"existing_qty":"4","held_for_orders":"0","message":"insufficient qty available for order (requested: 16.409221076, available: 4)","symbol":"ABT"}
2026-03-27 06:30:23 [WARNING] qrt.execution.alpaca_broker: Sell/short order failed for EA: {"available":"21.750682643","code":40310000,"existing_qty":"21.750682643","held_for_orders":"0","message":"insufficient qty available for order (requested: 30, available: 21.750682643)","symbol":"EA"}
2026-03-27 06:30:24 [WARNING] qrt.execution.alpaca_broker: Sell/short order failed for ITW: {"available":"0.516257266","code":40310000,"existing_qty":"0.516257266","held_for_orders":"0","message":"insufficient qty available for order (requested: 0.516309555, available: 0.516257266)","symbol":"ITW"}
2026-03-27 06:30:24 [WARNING] qrt.execution.alpaca_broker: Sell/short order failed for SLB: {"available":"7.243167502","code":40310000,"existing_qty":"7.243167502","held_for_orders":"0","message":"insufficient qty available for order (requested: 14, available: 7.243167502)","symbol":"SLB"}
2026-03-27 06:30:26 [WARNING] qrt.execution.alpaca_broker: Buy order failed for KR: {"available":"13","code":40310000,"existing_qty":"13","held_for_orders":"0","message":"insufficient qty available for order (requested: 17.059292406, available: 13)","symbol":"KR"}
2026-03-27 06:30:26 [WARNING] qrt.execution.alpaca_broker: Buy order failed for SRE: {"available":"10.523613107","code":40310000,"existing_qty":"10.523613107","held_for_orders":"0","message":"insufficient qty available for order (requested: 25.021392617, available: 10.523613107)","symbol":"SRE"}
2026-03-27 06:30:26 [WARNING] qrt.execution.alpaca_broker: Buy order failed for IBM: {"available":"0.000160424","code":40310000,"existing_qty":"0.000160424","held_for_orders":"0","message":"insufficient qty available for order (requested: 5.740034733, available: 0.000160424)","symbol":"IBM"}
2026-03-27 06:30:26 [WARNING] qrt.execution.alpaca_broker: Sell/short order failed for ACN: {"available":"1.045298558","code":40310000,"existing_qty":"1.045298558","held_for_orders":"0","message":"insufficient qty available for order (requested: 8, available: 1.045298558)","symbol":"ACN"}
2026-03-27 06:30:27 [WARNING] qrt.execution.alpaca_broker: Sell/short order failed for CMCSA: {"available":"30.185157623","code":40310000,"existing_qty":"30.185157623","held_for_orders":"0","message":"insufficient qty available for order (requested: 53, available: 30.185157623)","symbol":"CMCSA"}
2026-03-27 06:30:27 [WARNING] qrt.execution.alpaca_broker: Sell/short order failed for GM: {"available":"16.480959479","code":40310000,"existing_qty":"16.480959479","held_for_orders":"0","message":"insufficient qty available for order (requested: 23, available: 16.480959479)","symbol":"GM"}
2026-03-27 06:30:27 [WARNING] qrt.execution.alpaca_broker: Buy order failed for ZTS: {"available":"7.839299578","code":40310000,"existing_qty":"7.839299578","held_for_orders":"0","message":"insufficient qty available for order (requested: 12.82828801, available: 7.839299578)","symbol":"ZTS"}
2026-03-27 06:30:27 [WARNING] qrt.execution.alpaca_broker: Buy order failed for DHR: {"available":"1.983490062","code":40310000,"existing_qty":"1.983490062","held_for_orders":"0","message":"insufficient qty available for order (requested: 8.121569878, available: 1.983490062)","symbol":"DHR"}
2026-03-27 06:30:27 [INFO] qrt.execution.alpaca_broker: Skipping BLK short — less than 1 share ($193 / $967.64)
2026-03-27 06:30:29 [WARNING] qrt.execution.alpaca_broker: Buy order failed for UNH: {"available":"2","code":40310000,"existing_qty":"2","held_for_orders":"0","message":"insufficient qty available for order (requested: 5.717461147, available: 2)","symbol":"UNH"}
2026-03-27 06:30:30 [INFO] qrt.execution.alpaca_broker: Skipping HD short — less than 1 share ($298 / $327.54)
2026-03-27 06:30:32 [WARNING] qrt.execution.alpaca_broker: Sell/short order failed for SBUX: {"available":"0.000622679","code":40310000,"existing_qty":"0.000622679","held_for_orders":"0","message":"insufficient qty available for order (requested: 1, available: 0.000622679)","symbol":"SBUX"}
2026-03-27 06:30:33 [WARNING] qrt.execution.alpaca_broker: Sell/short order failed for ADBE: {"available":"1.003498518","code":40310000,"existing_qty":"1.003498518","held_for_orders":"0","message":"insufficient qty available for order (requested: 4, available: 1.003498518)","symbol":"ADBE"}
2026-03-27 06:30:33 [WARNING] qrt.execution.alpaca_broker: Sell/short order failed for PSX: {"available":"5.297360733","code":40310000,"existing_qty":"5.297360733","held_for_orders":"0","message":"insufficient qty available for order (requested: 6, available: 5.297360733)","symbol":"PSX"}
2026-03-27 06:30:33 [WARNING] qrt.execution.alpaca_broker: Buy order failed for HON: {"available":"8","code":40310000,"existing_qty":"8","held_for_orders":"0","message":"insufficient qty available for order (requested: 8.9843971, available: 8)","symbol":"HON"}
2026-03-27 06:30:33 [WARNING] qrt.execution.alpaca_broker: Sell/short order failed for AIG: {"available":"25.648205403","code":40310000,"existing_qty":"25.648205403","held_for_orders":"0","message":"insufficient qty available for order (requested: 30, available: 25.648205403)","symbol":"AIG"}
2026-03-27 06:30:34 [WARNING] qrt.execution.alpaca_broker: Sell/short order failed for JNJ: {"available":"9.168290225","code":40310000,"existing_qty":"9.168290225","held_for_orders":"0","message":"insufficient qty available for order (requested: 9.169827047, available: 9.168290225)","symbol":"JNJ"}
2026-03-27 06:30:34 [INFO] qrt.execution.alpaca_broker: Skipping META short — less than 1 share ($250 / $549.51)
2026-03-27 06:30:34 [WARNING] qrt.execution.alpaca_broker: Sell/short order failed for NUE: {"available":"4.999773262","code":40310000,"existing_qty":"4.999773262","held_for_orders":"0","message":"insufficient qty available for order (requested: 10, available: 4.999773262)","symbol":"NUE"}
2026-03-27 06:30:35 [WARNING] qrt.execution.alpaca_broker: Buy order failed for CB: {"available":"7","code":40310000,"existing_qty":"7","held_for_orders":"0","message":"insufficient qty available for order (requested: 8.447481259, available: 7)","symbol":"CB"}
2026-03-27 06:30:35 [WARNING] qrt.execution.alpaca_broker: Sell/short order failed for TMO: {"available":"2.978878599","code":40310000,"existing_qty":"2.978878599","held_for_orders":"0","message":"insufficient qty available for order (requested: 6, available: 2.978878599)","symbol":"TMO"}
2026-03-27 06:30:35 [WARNING] qrt.execution.alpaca_broker: Buy order failed for EQIX: {"available":"1","code":40310000,"existing_qty":"1","held_for_orders":"0","message":"insufficient qty available for order (requested: 1.407150607, available: 1)","symbol":"EQIX"}
2026-03-27 06:30:35 [WARNING] qrt.execution.alpaca_broker: Buy order failed for HAL: {"available":"10","code":40310000,"existing_qty":"10","held_for_orders":"0","message":"insufficient qty available for order (requested: 39.197136282, available: 10)","symbol":"HAL"}
2026-03-27 06:30:36 [WARNING] qrt.execution.alpaca_broker: Buy order failed for QCOM: {"available":"3","code":40310000,"existing_qty":"3","held_for_orders":"0","message":"insufficient qty available for order (requested: 14.237448496, available: 3)","symbol":"QCOM"}
2026-03-27 06:30:36 [WARNING] qrt.execution.alpaca_broker: Sell/short order failed for HUM: {"available":"3.332947342","code":40310000,"existing_qty":"3.332947342","held_for_orders":"0","message":"insufficient qty available for order (requested: 12, available: 3.332947342)","symbol":"HUM"}
2026-03-27 06:30:36 [WARNING] qrt.execution.alpaca_broker: Sell/short order failed for CDNS: {"available":"4.991118309","code":40310000,"existing_qty":"4.991118309","held_for_orders":"0","message":"insufficient qty available for order (requested: 4.993608408, available: 4.991118309)","symbol":"CDNS"}
2026-03-27 06:30:37 [INFO] qrt.execution.alpaca_broker: Skipping CRM short — less than 1 share ($127 / $184.77)
2026-03-27 06:30:37 [WARNING] qrt.execution.alpaca_broker: Sell/short order failed for AXP: {"available":"1.040004068","code":40310000,"existing_qty":"1.040004068","held_for_orders":"0","message":"insufficient qty available for order (requested: 4, available: 1.040004068)","symbol":"AXP"}
2026-03-27 06:30:37 [INFO] qrt.execution.alpaca_broker: Skipping ICE short — less than 1 share ($136 / $156.01)
2026-03-27 06:30:37 [WARNING] qrt.execution.alpaca_broker: Sell/short order failed for MRK: {"available":"5.909241499","code":40310000,"existing_qty":"5.909241499","held_for_orders":"0","message":"insufficient qty available for order (requested: 9, available: 5.909241499)","symbol":"MRK"}
2026-03-27 06:30:38 [WARNING] qrt.execution.alpaca_broker: Buy order failed for USB: {"available":"18","code":40310000,"existing_qty":"18","held_for_orders":"0","message":"insufficient qty available for order (requested: 29.035353535, available: 18)","symbol":"USB"}
2026-03-27 06:30:38 [WARNING] qrt.execution.alpaca_broker: Sell/short order failed for ADI: {"available":"4.428785559","code":40310000,"existing_qty":"4.428785559","held_for_orders":"0","message":"insufficient qty available for order (requested: 4.430054122, available: 4.428785559)","symbol":"ADI"}
2026-03-27 06:30:38 [WARNING] qrt.execution.alpaca_broker: Buy order failed for TXN: {"available":"8","code":40310000,"existing_qty":"8","held_for_orders":"0","message":"insufficient qty available for order (requested: 8.570610687, available: 8)","symbol":"TXN"}
2026-03-27 06:30:39 [WARNING] qrt.execution.alpaca_broker: Sell/short order failed for C: {"available":"0.002027093","code":40310000,"existing_qty":"0.002027093","held_for_orders":"0","message":"insufficient qty available for order (requested: 1, available: 0.002027093)","symbol":"C"}
2026-03-27 06:30:39 [WARNING] qrt.execution.alpaca_broker: Sell/short order failed for NEE: {"available":"12.153028769","code":40310000,"existing_qty":"12.153028769","held_for_orders":"0","message":"insufficient qty available for order (requested: 17, available: 12.153028769)","symbol":"NEE"}
2026-03-27 06:30:39 [INFO] qrt.execution.alpaca_broker: Rebalance complete: 86 orders submitted
2026-03-27 06:30:39 [INFO] paper_trader: Orders: 49 OK, 37 failed (of 86 total)
2026-03-27 06:30:40 [INFO] qrt.execution.live_dashboard: Live dashboard saved: /Users/ronald/ai_trade_algo_test/reports/live_dashboard.html
2026-03-27 06:30:40 [INFO] paper_trader: Trade complete. Next trade: tomorrow 15:30 ET
2026-03-27 06:30:40 [INFO] paper_trader: ============================================================
2026-03-27 15:00:39 [INFO] paper_trader: Waiting for 15:30 ET (15.5h away)
2026-03-27 15:30:43 [INFO] paper_trader: Waiting for 15:30 ET (15.0h away)
2026-03-27 16:00:46 [INFO] paper_trader: Waiting for 15:30 ET (14.5h away)
2026-03-27 16:30:50 [INFO] paper_trader: Waiting for 15:30 ET (14.0h away)
2026-03-27 17:00:54 [INFO] paper_trader: Waiting for 15:30 ET (13.5h away)
2026-03-27 17:30:57 [INFO] paper_trader: Waiting for 15:30 ET (13.0h away)
2026-03-27 18:01:03 [INFO] paper_trader: Waiting for 15:30 ET (12.5h away)
2026-03-27 18:31:11 [INFO] paper_trader: Waiting for 15:30 ET (12.0h away)
2026-03-27 19:01:19 [INFO] paper_trader: Waiting for 15:30 ET (11.5h away)
2026-03-27 19:31:26 [INFO] paper_trader: Waiting for 15:30 ET (11.0h away)
2026-03-27 20:01:30 [INFO] paper_trader: Waiting for 15:30 ET (10.5h away)
2026-03-27 20:31:34 [INFO] paper_trader: Waiting for 15:30 ET (10.0h away)
2026-03-27 21:01:38 [INFO] paper_trader: Waiting for 15:30 ET (9.5h away)
2026-03-27 21:31:42 [INFO] paper_trader: Waiting for 15:30 ET (9.0h away)
2026-03-27 22:01:46 [INFO] paper_trader: Waiting for 15:30 ET (8.5h away)
2026-03-27 22:31:49 [INFO] paper_trader: Waiting for 15:30 ET (8.0h away)
2026-03-27 23:01:53 [INFO] paper_trader: Waiting for 15:30 ET (7.5h away)
2026-03-27 23:31:58 [INFO] paper_trader: Waiting for 15:30 ET (7.0h away)
2026-03-28 00:02:06 [INFO] paper_trader: Waiting for 15:30 ET (6.5h away)
2026-03-28 00:32:14 [INFO] paper_trader: Waiting for 15:30 ET (6.0h away)
2026-03-28 01:02:23 [INFO] paper_trader: Waiting for 15:30 ET (5.5h away)
2026-03-28 01:32:31 [INFO] paper_trader: Waiting for 15:30 ET (5.0h away)
2026-03-28 02:02:40 [INFO] paper_trader: Waiting for 15:30 ET (4.5h away)
2026-03-28 02:32:48 [INFO] paper_trader: Waiting for 15:30 ET (4.0h away)
2026-03-28 03:02:56 [INFO] paper_trader: Waiting for 15:30 ET (3.5h away)
2026-03-28 03:33:04 [INFO] paper_trader: Waiting for 15:30 ET (2.9h away)
2026-03-28 04:03:12 [INFO] paper_trader: Waiting for 15:30 ET (2.4h away)
2026-03-28 04:33:21 [INFO] paper_trader: Waiting for 15:30 ET (1.9h away)
2026-03-28 05:03:29 [INFO] paper_trader: Waiting for 15:30 ET (1.4h away)
2026-03-28 05:33:38 [INFO] paper_trader: Waiting for 15:30 ET (0.9h away)
2026-03-28 06:03:46 [INFO] paper_trader: Waiting for 15:30 ET (0.4h away)
2026-03-28 06:30:00 [INFO] paper_trader: ============================================================
2026-03-28 06:30:00 [INFO] paper_trader: AUTO-TRADE: 2026-03-27 15:30:00 ET
2026-03-28 06:30:00 [INFO] paper_trader: ============================================================
2026-03-28 06:30:00 [INFO] paper_trader: Fetching market data...
2026-03-28 06:30:19 [INFO] paper_trader: Data: 150 symbols, 519 days (18.8s)
2026-03-28 06:30:19 [INFO] paper_trader: Generating signals...
2026-03-28 06:30:19 [INFO] qrt.execution.signal_generator:   Running: time_series_momentum
2026-03-28 06:30:19 [INFO] qrt.execution.signal_generator:     Sharpe: -0.063
2026-03-28 06:30:19 [INFO] qrt.execution.signal_generator:   Running: residual_reversal
2026-03-28 06:30:19 [INFO] qrt.execution.signal_generator:     Sharpe: 0.495
2026-03-28 06:30:19 [INFO] qrt.execution.signal_generator:   Leverage: 2.00x (fixed)
2026-03-28 06:30:19 [INFO] qrt.execution.signal_generator:   Target: 88 long, 54 short, gross: 146.91%
2026-03-28 06:30:19 [INFO] paper_trader: Signals: 142 positions (0.1s)
2026-03-28 06:30:19 [INFO] paper_trader: Portfolio: 88 long, 54 short, gross=146.9%, net=37.7%, equity=$99,560
2026-03-28 06:30:19 [INFO] paper_trader: Submitting rebalance orders...
2026-03-28 06:30:21 [WARNING] qrt.execution.alpaca_broker: Buy order failed for CL: {"available":"2","code":40310000,"existing_qty":"2","held_for_orders":"0","message":"insufficient qty available for order (requested: 19.043565762, available: 2)","symbol":"CL"}
2026-03-28 06:30:21 [WARNING] qrt.execution.alpaca_broker: Sell/short order failed for LOW: {"available":"0.453093269","code":40310000,"existing_qty":"0.453093269","held_for_orders":"0","message":"insufficient qty available for order (requested: 0.453263093, available: 0.453093269)","symbol":"LOW"}
2026-03-28 06:30:21 [WARNING] qrt.execution.alpaca_broker: Buy order failed for PFE: {"available":"69","code":40310000,"existing_qty":"69","held_for_orders":"0","message":"insufficient qty available for order (requested: 79.177033492, available: 69)","symbol":"PFE"}
2026-03-28 06:30:22 [WARNING] qrt.execution.alpaca_broker: Buy order failed for ABT: {"available":"4","code":40310000,"existing_qty":"4","held_for_orders":"0","message":"insufficient qty available for order (requested: 16.734765998, available: 4)","symbol":"ABT"}
2026-03-28 06:30:22 [WARNING] qrt.execution.alpaca_broker: Sell/short order failed for EA: {"available":"21.750682643","code":40310000,"existing_qty":"21.750682643","held_for_orders":"0","message":"insufficient qty available for order (requested: 31, available: 21.750682643)","symbol":"EA"}
2026-03-28 06:30:23 [WARNING] qrt.execution.alpaca_broker: Sell/short order failed for SLB: {"available":"7.243167502","code":40310000,"existing_qty":"7.243167502","held_for_orders":"0","message":"insufficient qty available for order (requested: 13, available: 7.243167502)","symbol":"SLB"}
2026-03-28 06:30:23 [INFO] qrt.execution.alpaca_broker: Skipping UNP short — less than 1 share ($176 / $239.28)
2026-03-28 06:30:23 [INFO] qrt.execution.alpaca_broker: Skipping GD short — less than 1 share ($142 / $347.48)
2026-03-28 06:30:24 [WARNING] qrt.execution.alpaca_broker: Buy order failed for KR: {"available":"13","code":40310000,"existing_qty":"13","held_for_orders":"0","message":"insufficient qty available for order (requested: 16.780878128, available: 13)","symbol":"KR"}
2026-03-28 06:30:24 [WARNING] qrt.execution.alpaca_broker: Buy order failed for SRE: {"available":"10.523613107","code":40310000,"existing_qty":"10.523613107","held_for_orders":"0","message":"insufficient qty available for order (requested: 24.051196322, available: 10.523613107)","symbol":"SRE"}
2026-03-28 06:30:24 [WARNING] qrt.execution.alpaca_broker: Buy order failed for IBM: {"available":"0.000160424","code":40310000,"existing_qty":"0.000160424","held_for_orders":"0","message":"insufficient qty available for order (requested: 5.595793304, available: 0.000160424)","symbol":"IBM"}
2026-03-28 06:30:24 [WARNING] qrt.execution.alpaca_broker: Sell/short order failed for ACN: {"available":"1.045298558","code":40310000,"existing_qty":"1.045298558","held_for_orders":"0","message":"insufficient qty available for order (requested: 10, available: 1.045298558)","symbol":"ACN"}
2026-03-28 06:30:25 [WARNING] qrt.execution.alpaca_broker: Sell/short order failed for CMCSA: {"available":"30.185157623","code":40310000,"existing_qty":"30.185157623","held_for_orders":"0","message":"insufficient qty available for order (requested: 55, available: 30.185157623)","symbol":"CMCSA"}
2026-03-28 06:30:25 [WARNING] qrt.execution.alpaca_broker: Sell/short order failed for GM: {"available":"16.480959479","code":40310000,"existing_qty":"16.480959479","held_for_orders":"0","message":"insufficient qty available for order (requested: 22, available: 16.480959479)","symbol":"GM"}
2026-03-28 06:30:25 [WARNING] qrt.execution.alpaca_broker: Buy order failed for ZTS: {"available":"7.839299578","code":40310000,"existing_qty":"7.839299578","held_for_orders":"0","message":"insufficient qty available for order (requested: 12, available: 7.839299578)","symbol":"ZTS"}
2026-03-28 06:30:25 [WARNING] qrt.execution.alpaca_broker: Buy order failed for DHR: {"available":"1.983490062","code":40310000,"existing_qty":"1.983490062","held_for_orders":"0","message":"insufficient qty available for order (requested: 7.422449878, available: 1.983490062)","symbol":"DHR"}
2026-03-28 06:30:26 [INFO] qrt.execution.alpaca_broker: Skipping BLK short — less than 1 share ($246 / $937.23)
2026-03-28 06:30:26 [WARNING] qrt.execution.alpaca_broker: Buy order failed for UNH: {"available":"2","code":40310000,"existing_qty":"2","held_for_orders":"0","message":"insufficient qty available for order (requested: 5.016621464, available: 2)","symbol":"UNH"}
2026-03-28 06:30:26 [INFO] qrt.execution.alpaca_broker: Skipping APD short — less than 1 share ($240 / $291.34)
2026-03-28 06:30:27 [WARNING] qrt.execution.alpaca_broker: Sell/short order failed for DHI: {"available":"0.90243262","code":40310000,"existing_qty":"0.90243262","held_for_orders":"0","message":"insufficient qty available for order (requested: 0.902619207, available: 0.90243262)","symbol":"DHI"}
2026-03-28 06:30:27 [INFO] qrt.execution.alpaca_broker: Skipping PG short — less than 1 share ($124 / $142.55)
2026-03-28 06:30:27 [WARNING] qrt.execution.alpaca_broker: Sell/short order failed for SBUX: {"available":"0.000622679","code":40310000,"existing_qty":"0.000622679","held_for_orders":"0","message":"insufficient qty available for order (requested: 3, available: 0.000622679)","symbol":"SBUX"}
2026-03-28 06:30:28 [WARNING] qrt.execution.alpaca_broker: Sell/short order failed for ADBE: {"available":"1.003498518","code":40310000,"existing_qty":"1.003498518","held_for_orders":"0","message":"insufficient qty available for order (requested: 4, available: 1.003498518)","symbol":"ADBE"}
2026-03-28 06:30:28 [WARNING] qrt.execution.alpaca_broker: Buy order failed for HON: {"available":"8","code":40310000,"existing_qty":"8","held_for_orders":"0","message":"insufficient qty available for order (requested: 8.703716956, available: 8)","symbol":"HON"}
2026-03-28 06:30:28 [WARNING] qrt.execution.alpaca_broker: Sell/short order failed for AIG: {"available":"25.648205403","code":40310000,"existing_qty":"25.648205403","held_for_orders":"0","message":"insufficient qty available for order (requested: 30, available: 25.648205403)","symbol":"AIG"}
2026-03-28 06:30:29 [WARNING] qrt.execution.alpaca_broker: Sell/short order failed for JNJ: {"available":"9.168290225","code":40310000,"existing_qty":"9.168290225","held_for_orders":"0","message":"insufficient qty available for order (requested: 9.170189747, available: 9.168290225)","symbol":"JNJ"}
2026-03-28 06:30:29 [INFO] qrt.execution.alpaca_broker: Skipping META short — less than 1 share ($278 / $526.27)
2026-03-28 06:30:29 [WARNING] qrt.execution.alpaca_broker: Sell/short order failed for NUE: {"available":"4.999773262","code":40310000,"existing_qty":"4.999773262","held_for_orders":"0","message":"insufficient qty available for order (requested: 10, available: 4.999773262)","symbol":"NUE"}
2026-03-28 06:30:29 [WARNING] qrt.execution.alpaca_broker: Buy order failed for CB: {"available":"7","code":40310000,"existing_qty":"7","held_for_orders":"0","message":"insufficient qty available for order (requested: 8.130245163, available: 7)","symbol":"CB"}
2026-03-28 06:30:29 [WARNING] qrt.execution.alpaca_broker: Sell/short order failed for TMO: {"available":"2.978878599","code":40310000,"existing_qty":"2.978878599","held_for_orders":"0","message":"insufficient qty available for order (requested: 6, available: 2.978878599)","symbol":"TMO"}
2026-03-28 06:30:29 [WARNING] qrt.execution.alpaca_broker: Buy order failed for EQIX: {"available":"1","code":40310000,"existing_qty":"1","held_for_orders":"0","message":"insufficient qty available for order (requested: 1.423624639, available: 1)","symbol":"EQIX"}
2026-03-28 06:30:30 [WARNING] qrt.execution.alpaca_broker: Buy order failed for HAL: {"available":"10","code":40310000,"existing_qty":"10","held_for_orders":"0","message":"insufficient qty available for order (requested: 40.315684812, available: 10)","symbol":"HAL"}
2026-03-28 06:30:30 [WARNING] qrt.execution.alpaca_broker: Buy order failed for QCOM: {"available":"3","code":40310000,"existing_qty":"3","held_for_orders":"0","message":"insufficient qty available for order (requested: 13.533150039, available: 3)","symbol":"QCOM"}
2026-03-28 06:30:31 [WARNING] qrt.execution.alpaca_broker: Sell/short order failed for HUM: {"available":"3.332947342","code":40310000,"existing_qty":"3.332947342","held_for_orders":"0","message":"insufficient qty available for order (requested: 13, available: 3.332947342)","symbol":"HUM"}
2026-03-28 06:30:31 [INFO] qrt.execution.alpaca_broker: Skipping CRM short — less than 1 share ($142 / $179.52)
2026-03-28 06:30:31 [WARNING] qrt.execution.alpaca_broker: Sell/short order failed for AXP: {"available":"1.040004068","code":40310000,"existing_qty":"1.040004068","held_for_orders":"0","message":"insufficient qty available for order (requested: 4, available: 1.040004068)","symbol":"AXP"}
2026-03-28 06:30:32 [WARNING] qrt.execution.alpaca_broker: Sell/short order failed for MRK: {"available":"5.909241499","code":40310000,"existing_qty":"5.909241499","held_for_orders":"0","message":"insufficient qty available for order (requested: 9, available: 5.909241499)","symbol":"MRK"}
2026-03-28 06:30:32 [WARNING] qrt.execution.alpaca_broker: Buy order failed for USB: {"available":"18","code":40310000,"existing_qty":"18","held_for_orders":"0","message":"insufficient qty available for order (requested: 28.25211074, available: 18)","symbol":"USB"}
2026-03-28 06:30:32 [WARNING] qrt.execution.alpaca_broker: Sell/short order failed for ADI: {"available":"4.428785559","code":40310000,"existing_qty":"4.428785559","held_for_orders":"0","message":"insufficient qty available for order (requested: 4.429933921, available: 4.428785559)","symbol":"ADI"}
2026-03-28 06:30:32 [INFO] qrt.execution.alpaca_broker: Skipping MCD short — less than 1 share ($105 / $306.62)
2026-03-28 06:30:33 [WARNING] qrt.execution.alpaca_broker: Sell/short order failed for C: {"available":"0.002027093","code":40310000,"existing_qty":"0.002027093","held_for_orders":"0","message":"insufficient qty available for order (requested: 1, available: 0.002027093)","symbol":"C"}
2026-03-28 06:30:33 [WARNING] qrt.execution.alpaca_broker: Sell/short order failed for NEE: {"available":"12.153028769","code":40310000,"existing_qty":"12.153028769","held_for_orders":"0","message":"insufficient qty available for order (requested: 21, available: 12.153028769)","symbol":"NEE"}
2026-03-28 06:30:34 [INFO] qrt.execution.alpaca_broker: Rebalance complete: 60 orders submitted
2026-03-28 06:30:34 [INFO] paper_trader: Orders: 26 OK, 34 failed (of 60 total)
2026-03-28 06:30:34 [INFO] qrt.execution.live_dashboard: Live dashboard saved: /Users/ronald/ai_trade_algo_test/reports/live_dashboard.html
2026-03-28 06:30:34 [INFO] paper_trader: Trade complete. Next trade: tomorrow 15:30 ET
2026-03-28 06:30:34 [INFO] paper_trader: ============================================================
2026-03-28 15:00:43 [INFO] paper_trader: Weekend in ET (Saturday 00:00 ET). Polling every 60s.
2026-03-28 16:00:47 [INFO] paper_trader: Weekend in ET (Saturday 01:00 ET). Polling every 60s.
2026-03-28 17:00:56 [INFO] paper_trader: Weekend in ET (Saturday 02:00 ET). Polling every 60s.
2026-03-28 18:00:59 [INFO] paper_trader: Weekend in ET (Saturday 03:00 ET). Polling every 60s.
2026-03-28 19:02:00 [INFO] paper_trader: Weekend in ET (Saturday 04:02 ET). Polling every 60s.
2026-03-28 20:02:04 [INFO] paper_trader: Weekend in ET (Saturday 05:02 ET). Polling every 60s.
2026-03-28 21:02:08 [INFO] paper_trader: Weekend in ET (Saturday 06:02 ET). Polling every 60s.
2026-03-28 23:42:00 [INFO] paper_trader: Weekend in ET (Saturday 08:42 ET). Polling every 60s.
2026-03-29 00:42:05 [INFO] paper_trader: Weekend in ET (Saturday 09:42 ET). Polling every 60s.
2026-03-29 01:42:11 [INFO] paper_trader: Weekend in ET (Saturday 10:42 ET). Polling every 60s.
2026-03-29 02:42:16 [INFO] paper_trader: Weekend in ET (Saturday 11:42 ET). Polling every 60s.
2026-03-29 03:42:22 [INFO] paper_trader: Weekend in ET (Saturday 12:42 ET). Polling every 60s.
2026-03-29 05:18:15 [INFO] paper_trader: Weekend in ET (Saturday 14:18 ET). Polling every 60s.
2026-03-29 08:49:34 [INFO] paper_trader: Weekend in ET (Saturday 17:49 ET). Polling every 60s.
2026-03-29 11:09:50 [INFO] paper_trader: Weekend in ET (Saturday 20:09 ET). Polling every 60s.
2026-03-29 12:11:04 [INFO] paper_trader: Weekend in ET (Saturday 21:11 ET). Polling every 60s.
2026-03-29 13:25:05 [INFO] paper_trader: Weekend in ET (Saturday 22:25 ET). Polling every 60s.
2026-03-29 14:35:16 [INFO] paper_trader: Weekend in ET (Saturday 23:35 ET). Polling every 60s.
2026-03-29 15:35:23 [INFO] paper_trader: Weekend in ET (Sunday 00:35 ET). Polling every 60s.
2026-03-29 17:41:11 [INFO] paper_trader: Weekend in ET (Sunday 02:41 ET). Polling every 60s.
2026-03-29 18:42:27 [INFO] paper_trader: Weekend in ET (Sunday 03:42 ET). Polling every 60s.
2026-03-29 19:42:55 [INFO] paper_trader: Weekend in ET (Sunday 04:42 ET). Polling every 60s.
2026-03-29 20:45:01 [INFO] paper_trader: Weekend in ET (Sunday 05:45 ET). Polling every 60s.
2026-03-29 21:45:21 [INFO] paper_trader: Weekend in ET (Sunday 06:45 ET). Polling every 60s.
2026-03-30 01:23:51 [INFO] paper_trader: Weekend in ET (Sunday 10:23 ET). Polling every 60s.
2026-03-30 02:28:50 [INFO] paper_trader: Weekend in ET (Sunday 11:28 ET). Polling every 60s.
2026-03-30 04:24:05 [INFO] paper_trader: Weekend in ET (Sunday 13:24 ET). Polling every 60s.
2026-03-30 06:22:20 [INFO] paper_trader: Weekend in ET (Sunday 15:22 ET). Polling every 60s.
2026-03-30 07:39:19 [INFO] paper_trader: Weekend in ET (Sunday 16:39 ET). Polling every 60s.
2026-03-30 08:45:22 [INFO] paper_trader: Weekend in ET (Sunday 17:45 ET). Polling every 60s.
2026-03-30 10:25:03 [INFO] paper_trader: Weekend in ET (Sunday 19:25 ET). Polling every 60s.
2026-03-30 11:51:28 [INFO] paper_trader: Weekend in ET (Sunday 20:51 ET). Polling every 60s.
2026-03-30 12:51:55 [INFO] paper_trader: Weekend in ET (Sunday 21:51 ET). Polling every 60s.
2026-03-30 14:35:37 [INFO] paper_trader: Weekend in ET (Sunday 23:35 ET). Polling every 60s.
2026-03-30 16:05:41 [INFO] paper_trader: Waiting for 15:30 ET (14.4h away)
2026-03-30 17:06:40 [INFO] paper_trader: Waiting for 15:30 ET (13.4h away)
2026-03-30 18:07:39 [INFO] paper_trader: Waiting for 15:30 ET (12.4h away)
2026-03-30 19:08:45 [INFO] paper_trader: Waiting for 15:30 ET (11.4h away)
2026-03-30 20:09:44 [INFO] paper_trader: Waiting for 15:30 ET (10.3h away)
2026-03-30 21:10:43 [INFO] paper_trader: Waiting for 15:30 ET (9.3h away)
2026-03-30 18:54:53 [INFO] paper_trader: Waiting for 15:30 ET (8.6h away)
2026-03-30 19:49:51 [INFO] paper_trader: Waiting for 15:30 ET (7.7h away)
2026-03-30 21:24:09 [INFO] paper_trader: Waiting for 15:30 ET (6.1h away)
2026-03-30 22:25:23 [INFO] paper_trader: Waiting for 15:30 ET (5.1h away)
2026-03-30 23:35:57 [INFO] paper_trader: Waiting for 15:30 ET (3.9h away)
2026-03-31 01:13:12 [INFO] paper_trader: Waiting for 15:30 ET (2.3h away)
2026-03-31 02:33:38 [INFO] paper_trader: Waiting for 15:30 ET (0.9h away)
2026-03-31 04:02:50 [INFO] paper_trader: Past market close (16:02 ET). Missed today's window.
2026-03-31 12:49:11 [INFO] paper_trader: Waiting for 15:30 ET (14.7h away)
2026-03-31 14:01:37 [INFO] paper_trader: Waiting for 15:30 ET (13.5h away)
2026-03-31 15:07:16 [INFO] paper_trader: Waiting for 15:30 ET (12.4h away)
2026-03-31 16:02:46 [INFO] paper_trader: Waiting for 15:30 ET (11.5h away)
2026-03-31 16:39:43 [INFO] paper_trader: Waiting for 15:30 ET (10.8h away)
2026-03-31 17:24:40 [INFO] paper_trader: Waiting for 15:30 ET (10.1h away)
2026-03-31 18:27:37 [INFO] paper_trader: Waiting for 15:30 ET (9.0h away)
2026-03-31 20:28:50 [INFO] paper_trader: Waiting for 15:30 ET (7.0h away)
2026-03-31 21:34:40 [INFO] paper_trader: Waiting for 15:30 ET (5.9h away)
2026-03-31 22:27:47 [INFO] paper_trader: Waiting for 15:30 ET (5.0h away)
2026-03-31 23:48:15 [INFO] paper_trader: Waiting for 15:30 ET (3.7h away)
2026-04-01 00:29:42 [INFO] paper_trader: Waiting for 15:30 ET (3.0h away)
2026-04-01 01:49:21 [INFO] paper_trader: Waiting for 15:30 ET (1.7h away)
2026-04-01 02:31:07 [INFO] paper_trader: Waiting for 15:30 ET (1.0h away)
2026-04-01 04:09:19 [INFO] paper_trader: Past market close (16:09 ET). Missed today's window.
2026-04-01 12:55:24 [INFO] paper_trader: Waiting for 15:30 ET (14.6h away)
2026-04-01 14:01:27 [INFO] paper_trader: Waiting for 15:30 ET (13.5h away)
2026-04-01 15:41:05 [INFO] paper_trader: Waiting for 15:30 ET (11.8h away)
2026-04-01 16:11:29 [INFO] paper_trader: Waiting for 15:30 ET (11.3h away)
2026-04-01 16:41:49 [INFO] paper_trader: Waiting for 15:30 ET (10.8h away)
2026-04-01 17:11:52 [INFO] paper_trader: Waiting for 15:30 ET (10.3h away)
2026-04-01 17:41:56 [INFO] paper_trader: Waiting for 15:30 ET (9.8h away)
2026-04-01 18:24:58 [INFO] paper_trader: Waiting for 15:30 ET (9.1h away)
2026-04-01 19:01:15 [INFO] paper_trader: Waiting for 15:30 ET (8.5h away)
2026-04-01 19:37:21 [INFO] paper_trader: Waiting for 15:30 ET (7.9h away)
2026-04-01 20:09:57 [INFO] paper_trader: Waiting for 15:30 ET (7.3h away)
2026-04-01 20:43:37 [INFO] paper_trader: Waiting for 15:30 ET (6.8h away)
2026-04-01 21:29:49 [INFO] paper_trader: Waiting for 15:30 ET (6.0h away)
2026-04-02 14:21:32 [INFO] paper_trader: Waiting for 15:30 ET (13.1h away)
2026-04-02 14:51:42 [INFO] paper_trader: Waiting for 15:30 ET (12.6h away)
2026-04-02 15:21:44 [INFO] paper_trader: Waiting for 15:30 ET (12.1h away)
2026-04-02 15:51:53 [INFO] paper_trader: Waiting for 15:30 ET (11.6h away)
2026-04-02 16:22:01 [INFO] paper_trader: Waiting for 15:30 ET (11.1h away)
2026-04-02 16:52:09 [INFO] paper_trader: Waiting for 15:30 ET (10.6h away)
2026-04-02 17:22:17 [INFO] paper_trader: Waiting for 15:30 ET (10.1h away)
2026-04-02 17:52:26 [INFO] paper_trader: Waiting for 15:30 ET (9.6h away)
2026-04-02 18:39:26 [INFO] paper_trader: Waiting for 15:30 ET (8.8h away)
2026-04-02 19:14:57 [INFO] paper_trader: Waiting for 15:30 ET (8.3h away)
2026-04-02 19:53:30 [INFO] paper_trader: Waiting for 15:30 ET (7.6h away)
2026-04-02 20:29:19 [INFO] paper_trader: Waiting for 15:30 ET (7.0h away)
2026-04-02 21:10:24 [INFO] paper_trader: Waiting for 15:30 ET (6.3h away)
2026-04-02 21:55:25 [INFO] paper_trader: Waiting for 15:30 ET (5.6h away)
2026-04-02 22:34:52 [INFO] paper_trader: Waiting for 15:30 ET (4.9h away)
2026-04-02 23:12:59 [INFO] paper_trader: Waiting for 15:30 ET (4.3h away)
2026-04-02 23:45:08 [INFO] paper_trader: Waiting for 15:30 ET (3.7h away)
2026-04-03 00:15:10 [INFO] paper_trader: Waiting for 15:30 ET (3.2h away)
2026-04-03 00:58:22 [INFO] paper_trader: Waiting for 15:30 ET (2.5h away)
2026-04-03 01:59:20 [INFO] paper_trader: Waiting for 15:30 ET (1.5h away)
2026-04-03 03:41:24 [INFO] paper_trader: ============================================================
2026-04-03 03:41:24 [INFO] paper_trader: AUTO-TRADE: 2026-04-02 15:41:24 ET
2026-04-03 03:41:24 [INFO] paper_trader: ============================================================
2026-04-03 03:57:27 [WARNING] paper_trader: Clock check failed: HTTPSConnectionPool(host='paper-api.alpaca.markets', port=443): Max retries exceeded with url: /v2/clock (Caused by ConnectTimeoutError(<HTTPSConnection(host='paper-api.alpaca.markets', port=443) at 0x115898ad0>, 'Connection to paper-api.alpaca.markets timed out. (connect timeout=None)')). Proceeding anyway.
2026-04-03 03:57:27 [INFO] paper_trader: Fetching market data...
2026-04-03 04:14:38 [ERROR] paper_trader: Auto-trader error: HTTPSConnectionPool(host='data.alpaca.markets', port=443): Max retries exceeded with url: /v2/stocks/bars?start=2024-03-08T03%3A57%3A27.615473%2B00%3A00&end=2026-04-03T03%3A57%3A27.615473%2B00%3A00&timeframe=1Day&feed=iex&symbols=AAPL%2CMSFT%2CNVDA%2CAVGO%2CAMD%2CQCOM%2CTXN%2CINTC%2CAMAT%2CLRCX%2CKLAC%2CMCHP%2CADI%2CSNPS%2CCDNS%2CCRM%2CADBE%2CORCL%2CNOW%2CINTU%2CACN%2CIBM%2CJPM%2CBAC%2CWFC%2CC%2CGS%2CMS%2CAXP%2CBLK%2CSCHW%2CUSB%2CPNC%2CTFC%2CAIG%2CMET%2CPRU%2CCB%2CICE%2CCME%2CBK%2CLLY%2CJNJ%2CMRK%2CABBV%2CPFE%2CTMO%2CDHR%2CUNH%2CABT%2CBMY%2CAMGN%2CGILD%2CMDT%2CSYK%2CISRG%2CBSX%2CELV%2CCI%2CHUM%2CZTS%2CAMZN%2CHD%2CLOW%2CMCD%2CNKE%2CSBUX%2CTJX%2CBKNG%2CMAR%2CGM%2CF%2CORLY%2CROST%2CDHI%2CLEN%2CCOST%2CWMT%2CKO%2CPEP%2CPG%2CPM%2CMO%2CCL%2CKMB%2CGIS%2CSYY%2CKR%2CSTZ%2CCAT%2CDE%2CRTX%2CGE%2CHON%2CUNP%2CUPS%2CBA%2CLMT%2CNOC%2CGD%2CWM%2CEMR%2CETN%2CITW%2CFDX%2CCSX%2CNSC%2CXOM%2CCVX%2CCOP%2CEOG%2CSLB%2COXY%2CMPC%2CPSX%2CVLO%2CDVN%2CHAL%2CGOOGL%2CMETA%2CNFLX%2CDIS%2CTMUS%2CVZ%2CCMCSA%2CT%2CCHTR%2CEA%2CTTWO%2CNEE%2CDUK%2CSO%2CD%2CAEP%2CSRE%2CEXC%2CPLD%2CAMT%2CCCI%2CEQIX%2CSPG%2CPSA%2CO%2CLIN%2CAPD%2CSHW%2CECL%2CNEM%2CFCX%2CNUE&limit=10000 (Caused by ConnectTimeoutError(<HTTPSConnection(host='data.alpaca.markets', port=443) at 0x1158ac690>, 'Connection to data.alpaca.markets timed out. (connect timeout=None)'))
Traceback (most recent call last):
  File "/opt/homebrew/lib/python3.13/site-packages/urllib3/connection.py", line 204, in _new_conn
    sock = connection.create_connection(
        (self._dns_host, self.port),
    ...<2 lines>...
        socket_options=self.socket_options,
    )
  File "/opt/homebrew/lib/python3.13/site-packages/urllib3/util/connection.py", line 85, in create_connection
    raise err
  File "/opt/homebrew/lib/python3.13/site-packages/urllib3/util/connection.py", line 73, in create_connection
    sock.connect(sa)
    ~~~~~~~~~~~~^^^^
TimeoutError: [Errno 60] Operation timed out

The above exception was the direct cause of the following exception:

Traceback (most recent call last):
  File "/opt/homebrew/lib/python3.13/site-packages/urllib3/connectionpool.py", line 787, in urlopen
    response = self._make_request(
        conn,
    ...<10 lines>...
        **response_kw,
    )
  File "/opt/homebrew/lib/python3.13/site-packages/urllib3/connectionpool.py", line 488, in _make_request
    raise new_e
  File "/opt/homebrew/lib/python3.13/site-packages/urllib3/connectionpool.py", line 464, in _make_request
    self._validate_conn(conn)
    ~~~~~~~~~~~~~~~~~~~^^^^^^
  File "/opt/homebrew/lib/python3.13/site-packages/urllib3/connectionpool.py", line 1093, in _validate_conn
    conn.connect()
    ~~~~~~~~~~~~^^
  File "/opt/homebrew/lib/python3.13/site-packages/urllib3/connection.py", line 759, in connect
    self.sock = sock = self._new_conn()
                       ~~~~~~~~~~~~~~^^
  File "/opt/homebrew/lib/python3.13/site-packages/urllib3/connection.py", line 213, in _new_conn
    raise ConnectTimeoutError(
    ...<2 lines>...
    ) from e
urllib3.exceptions.ConnectTimeoutError: (<HTTPSConnection(host='data.alpaca.markets', port=443) at 0x1158ac690>, 'Connection to data.alpaca.markets timed out. (connect timeout=None)')

The above exception was the direct cause of the following exception:

Traceback (most recent call last):
  File "/opt/homebrew/lib/python3.13/site-packages/requests/adapters.py", line 644, in send
    resp = conn.urlopen(
        method=request.method,
    ...<9 lines>...
        chunked=chunked,
    )
  File "/opt/homebrew/lib/python3.13/site-packages/urllib3/connectionpool.py", line 841, in urlopen
    retries = retries.increment(
        method, url, error=new_e, _pool=self, _stacktrace=sys.exc_info()[2]
    )
  File "/opt/homebrew/lib/python3.13/site-packages/urllib3/util/retry.py", line 535, in increment
    raise MaxRetryError(_pool, url, reason) from reason  # type: ignore[arg-type]
    ^^^^^^^^^^^^^^^^^^^^^^^^^^^^^^^^^^^^^^^^^^^^^^^^^^^
urllib3.exceptions.MaxRetryError: HTTPSConnectionPool(host='data.alpaca.markets', port=443): Max retries exceeded with url: /v2/stocks/bars?start=2024-03-08T03%3A57%3A27.615473%2B00%3A00&end=2026-04-03T03%3A57%3A27.615473%2B00%3A00&timeframe=1Day&feed=iex&symbols=AAPL%2CMSFT%2CNVDA%2CAVGO%2CAMD%2CQCOM%2CTXN%2CINTC%2CAMAT%2CLRCX%2CKLAC%2CMCHP%2CADI%2CSNPS%2CCDNS%2CCRM%2CADBE%2CORCL%2CNOW%2CINTU%2CACN%2CIBM%2CJPM%2CBAC%2CWFC%2CC%2CGS%2CMS%2CAXP%2CBLK%2CSCHW%2CUSB%2CPNC%2CTFC%2CAIG%2CMET%2CPRU%2CCB%2CICE%2CCME%2CBK%2CLLY%2CJNJ%2CMRK%2CABBV%2CPFE%2CTMO%2CDHR%2CUNH%2CABT%2CBMY%2CAMGN%2CGILD%2CMDT%2CSYK%2CISRG%2CBSX%2CELV%2CCI%2CHUM%2CZTS%2CAMZN%2CHD%2CLOW%2CMCD%2CNKE%2CSBUX%2CTJX%2CBKNG%2CMAR%2CGM%2CF%2CORLY%2CROST%2CDHI%2CLEN%2CCOST%2CWMT%2CKO%2CPEP%2CPG%2CPM%2CMO%2CCL%2CKMB%2CGIS%2CSYY%2CKR%2CSTZ%2CCAT%2CDE%2CRTX%2CGE%2CHON%2CUNP%2CUPS%2CBA%2CLMT%2CNOC%2CGD%2CWM%2CEMR%2CETN%2CITW%2CFDX%2CCSX%2CNSC%2CXOM%2CCVX%2CCOP%2CEOG%2CSLB%2COXY%2CMPC%2CPSX%2CVLO%2CDVN%2CHAL%2CGOOGL%2CMETA%2CNFLX%2CDIS%2CTMUS%2CVZ%2CCMCSA%2CT%2CCHTR%2CEA%2CTTWO%2CNEE%2CDUK%2CSO%2CD%2CAEP%2CSRE%2CEXC%2CPLD%2CAMT%2CCCI%2CEQIX%2CSPG%2CPSA%2CO%2CLIN%2CAPD%2CSHW%2CECL%2CNEM%2CFCX%2CNUE&limit=10000 (Caused by ConnectTimeoutError(<HTTPSConnection(host='data.alpaca.markets', port=443) at 0x1158ac690>, 'Connection to data.alpaca.markets timed out. (connect timeout=None)'))

During handling of the above exception, another exception occurred:

Traceback (most recent call last):
  File "/Users/ronald/ai_trade_algo_test/run_paper_trade.py", line 486, in cmd_auto
    prices_wide, returns_wide = broker.get_price_matrix(symbols, days=lookback_days)
                                ~~~~~~~~~~~~~~~~~~~~~~~^^^^^^^^^^^^^^^^^^^^^^^^^^^^^
  File "/Users/ronald/ai_trade_algo_test/qrt/execution/alpaca_broker.py", line 101, in get_price_matrix
    df = self.get_bars(symbols, days=days)
  File "/Users/ronald/ai_trade_algo_test/qrt/execution/alpaca_broker.py", line 87, in get_bars
    bars = self.data.get_stock_bars(request)
  File "/opt/homebrew/lib/python3.13/site-packages/alpaca/data/historical/stock.py", line 87, in get_stock_bars
    raw_bars = self._get_marketdata(
        path="/stocks/bars",
        params=request_params.to_request_fields(),
        page_size=10_000,
    )
  File "/opt/homebrew/lib/python3.13/site-packages/alpaca/common/rest.py", line 393, in _get_marketdata
    response = self.get(path=path, data=params)
  File "/opt/homebrew/lib/python3.13/site-packages/alpaca/common/rest.py", line 225, in get
    return self._request("GET", path, data, **kwargs)
           ~~~~~~~~~~~~~^^^^^^^^^^^^^^^^^^^^^^^^^^^^^
  File "/opt/homebrew/lib/python3.13/site-packages/alpaca/common/rest.py", line 131, in _request
    return self._one_request(method, url, opts, retry)
           ~~~~~~~~~~~~~~~~~^^^^^^^^^^^^^^^^^^^^^^^^^^
  File "/opt/homebrew/lib/python3.13/site-packages/alpaca/common/rest.py", line 195, in _one_request
    response = self._session.request(method, url, **opts)
  File "/opt/homebrew/lib/python3.13/site-packages/requests/sessions.py", line 589, in request
    resp = self.send(prep, **send_kwargs)
  File "/opt/homebrew/lib/python3.13/site-packages/requests/sessions.py", line 703, in send
    r = adapter.send(request, **kwargs)
  File "/opt/homebrew/lib/python3.13/site-packages/requests/adapters.py", line 665, in send
    raise ConnectTimeout(e, request=request)
requests.exceptions.ConnectTimeout: HTTPSConnectionPool(host='data.alpaca.markets', port=443): Max retries exceeded with url: /v2/stocks/bars?start=2024-03-08T03%3A57%3A27.615473%2B00%3A00&end=2026-04-03T03%3A57%3A27.615473%2B00%3A00&timeframe=1Day&feed=iex&symbols=AAPL%2CMSFT%2CNVDA%2CAVGO%2CAMD%2CQCOM%2CTXN%2CINTC%2CAMAT%2CLRCX%2CKLAC%2CMCHP%2CADI%2CSNPS%2CCDNS%2CCRM%2CADBE%2CORCL%2CNOW%2CINTU%2CACN%2CIBM%2CJPM%2CBAC%2CWFC%2CC%2CGS%2CMS%2CAXP%2CBLK%2CSCHW%2CUSB%2CPNC%2CTFC%2CAIG%2CMET%2CPRU%2CCB%2CICE%2CCME%2CBK%2CLLY%2CJNJ%2CMRK%2CABBV%2CPFE%2CTMO%2CDHR%2CUNH%2CABT%2CBMY%2CAMGN%2CGILD%2CMDT%2CSYK%2CISRG%2CBSX%2CELV%2CCI%2CHUM%2CZTS%2CAMZN%2CHD%2CLOW%2CMCD%2CNKE%2CSBUX%2CTJX%2CBKNG%2CMAR%2CGM%2CF%2CORLY%2CROST%2CDHI%2CLEN%2CCOST%2CWMT%2CKO%2CPEP%2CPG%2CPM%2CMO%2CCL%2CKMB%2CGIS%2CSYY%2CKR%2CSTZ%2CCAT%2CDE%2CRTX%2CGE%2CHON%2CUNP%2CUPS%2CBA%2CLMT%2CNOC%2CGD%2CWM%2CEMR%2CETN%2CITW%2CFDX%2CCSX%2CNSC%2CXOM%2CCVX%2CCOP%2CEOG%2CSLB%2COXY%2CMPC%2CPSX%2CVLO%2CDVN%2CHAL%2CGOOGL%2CMETA%2CNFLX%2CDIS%2CTMUS%2CVZ%2CCMCSA%2CT%2CCHTR%2CEA%2CTTWO%2CNEE%2CDUK%2CSO%2CD%2CAEP%2CSRE%2CEXC%2CPLD%2CAMT%2CCCI%2CEQIX%2CSPG%2CPSA%2CO%2CLIN%2CAPD%2CSHW%2CECL%2CNEM%2CFCX%2CNUE&limit=10000 (Caused by ConnectTimeoutError(<HTTPSConnection(host='data.alpaca.markets', port=443) at 0x1158ac690>, 'Connection to data.alpaca.markets timed out. (connect timeout=None)'))
2026-04-03 09:50:07 [INFO] paper_trader: Past market close (21:50 ET). Missed today's window.
2026-04-03 12:23:51 [INFO] paper_trader: Waiting for 15:30 ET (15.1h away)
2026-04-03 13:07:00 [INFO] paper_trader: Waiting for 15:30 ET (14.4h away)
2026-04-03 13:55:10 [INFO] paper_trader: Waiting for 15:30 ET (13.6h away)
2026-04-03 14:37:01 [INFO] paper_trader: Waiting for 15:30 ET (12.9h away)
2026-04-03 15:07:05 [INFO] paper_trader: Waiting for 15:30 ET (12.4h away)
2026-04-03 15:37:09 [INFO] paper_trader: Waiting for 15:30 ET (11.9h away)
2026-04-03 16:07:13 [INFO] paper_trader: Waiting for 15:30 ET (11.4h away)
2026-04-03 16:37:17 [INFO] paper_trader: Waiting for 15:30 ET (10.9h away)
2026-04-03 17:07:23 [INFO] paper_trader: Waiting for 15:30 ET (10.4h away)
2026-04-03 17:37:27 [INFO] paper_trader: Waiting for 15:30 ET (9.9h away)
2026-04-03 18:07:31 [INFO] paper_trader: Waiting for 15:30 ET (9.4h away)
2026-04-03 18:37:38 [INFO] paper_trader: Waiting for 15:30 ET (8.9h away)
2026-04-03 19:10:52 [INFO] paper_trader: Waiting for 15:30 ET (8.3h away)
2026-04-03 19:46:11 [INFO] paper_trader: Waiting for 15:30 ET (7.7h away)
2026-04-03 20:38:55 [INFO] paper_trader: Waiting for 15:30 ET (6.9h away)
2026-04-03 21:08:55 [INFO] paper_trader: Waiting for 15:30 ET (6.4h away)
2026-04-03 21:38:59 [INFO] paper_trader: Waiting for 15:30 ET (5.9h away)
2026-04-03 22:09:22 [INFO] paper_trader: Waiting for 15:30 ET (5.3h away)
2026-04-03 22:39:26 [INFO] paper_trader: Waiting for 15:30 ET (4.8h away)
2026-04-03 23:09:30 [INFO] paper_trader: Waiting for 15:30 ET (4.3h away)
2026-04-03 23:39:35 [INFO] paper_trader: Waiting for 15:30 ET (3.8h away)
2026-04-04 00:09:42 [INFO] paper_trader: Waiting for 15:30 ET (3.3h away)
2026-04-04 00:39:50 [INFO] paper_trader: Waiting for 15:30 ET (2.8h away)
2026-04-04 01:10:06 [INFO] paper_trader: Waiting for 15:30 ET (2.3h away)
2026-04-04 01:40:11 [INFO] paper_trader: Waiting for 15:30 ET (1.8h away)
2026-04-04 02:10:20 [INFO] paper_trader: Waiting for 15:30 ET (1.3h away)
2026-04-04 02:40:28 [INFO] paper_trader: Waiting for 15:30 ET (0.8h away)
2026-04-04 03:10:37 [INFO] paper_trader: Waiting for 15:30 ET (0.3h away)
2026-04-04 03:30:00 [INFO] paper_trader: ============================================================
2026-04-04 03:30:00 [INFO] paper_trader: AUTO-TRADE: 2026-04-03 15:30:00 ET
2026-04-04 03:30:00 [INFO] paper_trader: ============================================================
2026-04-04 03:30:01 [INFO] paper_trader: Market is closed (holiday?). Skipping today.
2026-04-04 13:17:17 [INFO] paper_trader: Weekend in ET (Saturday 01:17 ET). Polling every 60s.
2026-04-04 14:26:16 [INFO] paper_trader: Weekend in ET (Saturday 02:26 ET). Polling every 60s.
2026-04-04 15:26:21 [INFO] paper_trader: Weekend in ET (Saturday 03:26 ET). Polling every 60s.
2026-04-04 16:26:24 [INFO] paper_trader: Weekend in ET (Saturday 04:26 ET). Polling every 60s.
2026-04-04 17:26:31 [INFO] paper_trader: Weekend in ET (Saturday 05:26 ET). Polling every 60s.
2026-04-04 18:43:15 [INFO] paper_trader: Weekend in ET (Saturday 06:43 ET). Polling every 60s.
2026-04-04 20:09:38 [INFO] paper_trader: Weekend in ET (Saturday 08:09 ET). Polling every 60s.
2026-04-04 21:27:51 [INFO] paper_trader: Weekend in ET (Saturday 09:27 ET). Polling every 60s.
2026-04-04 22:28:30 [INFO] paper_trader: Weekend in ET (Saturday 10:28 ET). Polling every 60s.
2026-04-05 00:04:51 [INFO] paper_trader: Weekend in ET (Saturday 12:04 ET). Polling every 60s.
2026-04-05 01:48:35 [INFO] paper_trader: Weekend in ET (Saturday 13:48 ET). Polling every 60s.
2026-04-05 03:29:13 [INFO] paper_trader: Weekend in ET (Saturday 15:29 ET). Polling every 60s.
2026-04-05 05:13:24 [INFO] paper_trader: Weekend in ET (Saturday 17:13 ET). Polling every 60s.
2026-04-05 06:54:32 [INFO] paper_trader: Weekend in ET (Saturday 18:54 ET). Polling every 60s.
2026-04-05 08:36:22 [INFO] paper_trader: Weekend in ET (Saturday 20:36 ET). Polling every 60s.
2026-04-05 10:04:07 [INFO] paper_trader: Weekend in ET (Saturday 22:04 ET). Polling every 60s.
2026-04-05 11:43:08 [INFO] paper_trader: Weekend in ET (Saturday 23:43 ET). Polling every 60s.
2026-04-05 12:57:31 [INFO] paper_trader: Weekend in ET (Sunday 00:57 ET). Polling every 60s.
2026-04-05 14:42:39 [INFO] paper_trader: Weekend in ET (Sunday 02:42 ET). Polling every 60s.
2026-04-05 16:27:15 [INFO] paper_trader: Weekend in ET (Sunday 04:27 ET). Polling every 60s.
2026-04-05 18:03:46 [INFO] paper_trader: Weekend in ET (Sunday 06:03 ET). Polling every 60s.
2026-04-05 20:06:02 [INFO] paper_trader: Weekend in ET (Sunday 08:06 ET). Polling every 60s.
2026-04-05 21:34:22 [INFO] paper_trader: Weekend in ET (Sunday 09:34 ET). Polling every 60s.
2026-04-05 23:10:18 [INFO] paper_trader: Weekend in ET (Sunday 11:10 ET). Polling every 60s.
2026-04-06 00:55:26 [INFO] paper_trader: Weekend in ET (Sunday 12:55 ET). Polling every 60s.
2026-04-06 02:49:12 [INFO] paper_trader: Weekend in ET (Sunday 14:49 ET). Polling every 60s.
2026-04-06 11:37:07 [INFO] paper_trader: Weekend in ET (Sunday 23:37 ET). Polling every 60s.
2026-04-06 12:01:25 [INFO] paper_trader: Waiting for 15:30 ET (15.5h away)
2026-04-06 12:31:27 [INFO] paper_trader: Waiting for 15:30 ET (15.0h away)
2026-04-06 13:01:30 [INFO] paper_trader: Waiting for 15:30 ET (14.5h away)
